TN:
SF:components/about-modal.tsx
FN:11,AboutModal
FN:16,formatBuildDate
FNF:2
FNH:2
FNDA:6,AboutModal
FNDA:6,formatBuildDate
DA:1,1
DA:11,6
DA:13,6
DA:16,6
DA:17,6
DA:18,0
DA:19,0
DA:20,0
DA:21,0
DA:22,0
DA:23,0
DA:24,0
DA:25,0
DA:26,0
DA:27,0
DA:28,6
DA:30,6
DA:31,6
DA:32,6
DA:33,6
DA:34,6
DA:35,6
DA:37,6
DA:38,6
DA:40,6
DA:42,6
DA:43,6
DA:44,6
DA:45,6
DA:46,6
DA:48,6
DA:49,6
DA:50,6
DA:51,6
DA:52,6
DA:53,6
DA:54,6
DA:55,6
DA:58,6
DA:59,6
DA:60,6
DA:61,6
DA:62,6
DA:63,6
DA:66,6
DA:67,6
DA:68,6
DA:69,6
DA:70,6
DA:71,6
DA:72,6
DA:73,6
DA:75,6
LF:53
LH:43
BRDA:11,0,0,6
BRDA:16,1,0,6
BRDA:17,2,0,0
BRF:3
BRH:2
end_of_record
TN:
SF:components/admin-client-wrapper.tsx
FN:9,AdminClientWrapper
FN:14,handleRefreshAll
FNF:2
FNH:1
FNDA:5,AdminClientWrapper
FNDA:0,handleRefreshAll
DA:1,1
DA:9,5
DA:10,5
DA:11,5
DA:12,5
DA:14,5
DA:15,0
DA:17,0
DA:18,0
DA:19,0
DA:20,0
DA:21,0
DA:22,0
DA:23,0
DA:24,0
DA:25,0
DA:27,0
DA:28,0
DA:30,5
DA:31,5
DA:32,5
DA:33,5
DA:34,5
DA:35,5
DA:36,5
DA:38,5
DA:39,5
DA:41,5
DA:42,5
DA:43,5
DA:44,5
DA:45,5
DA:46,5
DA:47,5
DA:49,5
LF:35
LH:23
BRDA:9,0,0,5
BRF:1
BRH:1
end_of_record
TN:
SF:components/admin-dashboard-client.tsx
FN:10,AdminDashboardClient
FN:13,handleRefresh
FNF:2
FNH:2
FNDA:12,AdminDashboardClient
FNDA:4,handleRefresh
DA:1,1
DA:10,12
DA:11,12
DA:13,12
DA:14,4
DA:15,4
DA:16,4
DA:17,4
DA:18,4
DA:21,4
DA:22,4
DA:23,1
DA:24,4
DA:25,3
DA:26,3
DA:27,4
DA:29,12
DA:30,12
DA:31,12
DA:32,12
DA:33,12
DA:34,12
DA:35,12
DA:36,12
DA:37,12
DA:38,12
DA:39,12
DA:40,12
DA:41,12
DA:43,12
DA:44,12
DA:45,12
DA:46,12
DA:48,12
DA:49,12
DA:50,12
DA:51,12
DA:52,12
DA:53,12
DA:55,12
LF:40
LH:40
BRDA:10,0,0,12
BRDA:43,1,0,3
BRDA:43,2,0,9
BRDA:44,3,0,3
BRDA:44,4,0,9
BRDA:13,5,0,4
BRDA:21,6,0,2
BRDA:22,7,0,1
BRDA:24,8,0,3
BRDA:21,9,0,3
BRF:10
BRH:10
end_of_record
TN:
SF:components/admin-header.tsx
FN:31,AdminHeader
FN:45,handleSignOutClick
FN:101,onClick
FN:172,onClick
FN:187,onClick
FN:203,onClick
FN:211,onClick
FN:219,onClick
FN:227,onClick
FN:235,onClick
FN:242,onClick
FN:263,onClose
FN:264,onClose
FNF:13
FNH:9
FNDA:41,AdminHeader
FNDA:1,handleSignOutClick
FNDA:10,onClick
FNDA:0,onClick
FNDA:0,onClick
FNDA:1,onClick
FNDA:1,onClick
FNDA:1,onClick
FNDA:1,onClick
FNDA:1,onClick
FNDA:1,onClick
FNDA:0,onClose
FNDA:0,onClose
DA:1,1
DA:31,41
DA:32,41
DA:33,41
DA:34,41
DA:35,41
DA:37,41
DA:38,40
DA:39,40
DA:40,40
DA:41,40
DA:42,40
DA:43,1
DA:45,41
DA:46,1
DA:47,1
DA:49,41
DA:50,41
DA:51,41
DA:52,41
DA:53,41
DA:54,41
DA:55,41
DA:56,41
DA:57,41
DA:58,41
DA:59,41
DA:60,41
DA:61,41
DA:62,41
DA:63,41
DA:65,41
DA:66,41
DA:67,41
DA:68,41
DA:70,41
DA:71,41
DA:72,41
DA:73,41
DA:74,41
DA:75,41
DA:77,41
DA:78,41
DA:79,41
DA:80,41
DA:81,41
DA:82,41
DA:84,41
DA:85,41
DA:86,41
DA:87,41
DA:88,41
DA:89,41
DA:91,41
DA:92,41
DA:93,41
DA:94,41
DA:96,41
DA:97,41
DA:98,41
DA:99,41
DA:100,41
DA:101,41
DA:103,41
DA:104,41
DA:106,41
DA:108,41
DA:109,41
DA:110,41
DA:111,41
DA:112,41
DA:114,41
DA:115,41
DA:116,41
DA:117,41
DA:118,41
DA:119,41
DA:120,41
DA:121,41
DA:122,41
DA:123,41
DA:124,41
DA:125,41
DA:126,41
DA:127,41
DA:128,41
DA:129,41
DA:131,41
DA:132,41
DA:133,41
DA:134,41
DA:135,41
DA:137,41
DA:138,41
DA:139,41
DA:140,41
DA:141,41
DA:143,41
DA:144,41
DA:145,41
DA:146,41
DA:147,41
DA:149,41
DA:150,41
DA:151,41
DA:152,41
DA:153,41
DA:155,41
DA:156,41
DA:157,41
DA:158,41
DA:159,41
DA:161,41
DA:162,41
DA:163,41
DA:164,41
DA:165,41
DA:166,41
DA:168,41
DA:169,41
DA:170,41
DA:171,41
DA:172,41
DA:174,41
DA:176,41
DA:177,41
DA:178,41
DA:179,41
DA:181,41
DA:183,41
DA:184,41
DA:185,41
DA:186,41
DA:187,41
DA:189,41
DA:191,41
DA:192,41
DA:193,41
DA:194,41
DA:195,41
DA:197,41
DA:198,9
DA:199,9
DA:200,9
DA:201,9
DA:202,9
DA:203,9
DA:205,9
DA:206,9
DA:207,9
DA:208,9
DA:209,9
DA:210,9
DA:211,9
DA:213,9
DA:214,9
DA:215,9
DA:216,9
DA:217,9
DA:218,9
DA:219,9
DA:221,9
DA:222,9
DA:223,9
DA:224,9
DA:225,9
DA:226,9
DA:227,9
DA:229,9
DA:230,9
DA:231,9
DA:232,9
DA:233,9
DA:234,9
DA:235,9
DA:237,9
DA:238,9
DA:239,9
DA:240,9
DA:241,9
DA:242,9
DA:243,1
DA:244,1
DA:245,1
DA:247,9
DA:248,9
DA:249,9
DA:250,9
DA:251,9
DA:252,9
DA:253,9
DA:255,9
DA:256,9
DA:257,9
DA:258,9
DA:259,9
DA:261,41
DA:263,41
DA:264,41
DA:265,41
DA:267,41
LF:201
LH:201
BRDA:31,0,0,41
BRDA:37,1,0,40
BRDA:42,2,0,1
BRDA:103,3,0,9
BRDA:103,4,0,32
BRDA:115,5,0,0
BRDA:115,6,0,1
BRDA:197,7,0,9
BRDA:40,8,0,80
BRDA:45,9,0,1
BRDA:101,10,0,10
BRDA:203,11,0,1
BRDA:211,12,0,1
BRDA:219,13,0,1
BRDA:227,14,0,1
BRDA:235,15,0,1
BRDA:242,16,0,1
BRF:17
BRH:16
end_of_record
TN:
SF:components/admin-notification-management.tsx
FN:43,AdminNotificationManagement
FN:90,fetchNotifications
FN:121,fetchUsers
FN:149,filterNotifications
FN:166,sendMessage
FN:215,toggleReadStatus
FN:230,deleteNotification
FN:242,getUserInitials
FN:256,formatTimeAgo
FN:282,onClick
FN:294,onClick
FN:343,onValueChange
FN:372,onChange
FN:431,onChange
FN:503,onClick
FN:511,onClick
FNF:16
FNH:10
FNDA:122,AdminNotificationManagement
FNDA:13,fetchNotifications
FNDA:12,fetchUsers
FNDA:33,filterNotifications
FNDA:2,sendMessage
FNDA:0,toggleReadStatus
FNDA:0,deleteNotification
FNDA:314,getUserInitials
FNDA:157,formatTimeAgo
FNDA:0,onClick
FNDA:3,onClick
FNDA:0,onValueChange
FNDA:50,onChange
FNDA:9,onChange
FNDA:0,onClick
FNDA:0,onClick
DA:1,1
DA:43,122
DA:44,122
DA:45,122
DA:46,122
DA:47,122
DA:48,122
DA:49,122
DA:52,122
DA:53,122
DA:54,122
DA:55,122
DA:56,122
DA:57,122
DA:58,122
DA:59,122
DA:60,122
DA:61,122
DA:62,122
DA:63,122
DA:64,122
DA:65,122
DA:67,122
DA:68,122
DA:70,122
DA:71,12
DA:72,12
DA:73,122
DA:75,122
DA:76,33
DA:77,122
DA:79,122
DA:80,122
DA:81,122
DA:82,0
DA:83,0
DA:84,0
DA:85,0
DA:86,0
DA:87,0
DA:88,122
DA:90,122
DA:91,13
DA:92,13
DA:93,13
DA:94,13
DA:104,13
DA:105,13
DA:106,13
DA:108,13
DA:109,0
DA:110,0
DA:111,0
DA:113,13
DA:114,13
DA:115,0
DA:116,13
DA:117,13
DA:118,13
DA:119,13
DA:121,122
DA:122,12
DA:123,12
DA:124,12
DA:125,12
DA:126,12
DA:127,12
DA:128,12
DA:130,12
DA:131,0
DA:132,0
DA:133,0
DA:135,12
DA:137,12
DA:138,12
DA:139,12
DA:140,12
DA:141,12
DA:142,12
DA:143,12
DA:144,12
DA:145,0
DA:146,0
DA:147,12
DA:149,122
DA:150,33
DA:151,24
DA:152,24
DA:153,24
DA:155,9
DA:156,9
DA:157,18
DA:158,9
DA:159,9
DA:160,9
DA:161,9
DA:162,9
DA:163,9
DA:164,33
DA:166,122
DA:167,2
DA:168,0
DA:169,0
DA:170,0
DA:172,2
DA:173,0
DA:174,0
DA:175,0
DA:177,2
DA:178,2
DA:180,2
DA:181,2
DA:182,2
DA:183,2
DA:184,2
DA:185,2
DA:186,2
DA:188,2
DA:189,1
DA:190,1
DA:192,1
DA:193,1
DA:194,1
DA:195,1
DA:196,2
DA:197,0
DA:198,0
DA:199,0
DA:200,0
DA:201,0
DA:202,0
DA:204,1
DA:205,1
DA:206,1
DA:207,1
DA:208,1
DA:209,1
DA:210,2
DA:211,2
DA:212,2
DA:213,2
DA:215,122
DA:216,0
DA:217,0
DA:218,0
DA:219,0
DA:220,0
DA:222,0
DA:224,0
DA:225,0
DA:226,0
DA:227,0
DA:228,0
DA:230,122
DA:231,0
DA:232,0
DA:234,0
DA:236,0
DA:237,0
DA:238,0
DA:239,0
DA:240,0
DA:242,122
DA:243,314
DA:244,227
DA:245,227
DA:246,227
DA:247,227
DA:248,227
DA:249,227
DA:250,314
DA:251,0
DA:252,0
DA:253,87
DA:254,314
DA:256,122
DA:257,157
DA:258,157
DA:259,157
DA:261,157
DA:262,157
DA:263,157
DA:264,157
DA:265,157
DA:266,157
DA:268,122
DA:269,122
DA:271,122
DA:272,122
DA:273,122
DA:274,122
DA:275,122
DA:276,122
DA:277,122
DA:278,122
DA:279,122
DA:280,122
DA:281,122
DA:282,122
DA:283,122
DA:284,122
DA:285,96
DA:286,26
DA:287,122
DA:289,122
DA:290,122
DA:291,122
DA:292,122
DA:293,122
DA:294,122
DA:295,122
DA:296,122
DA:297,26
DA:298,96
DA:299,122
DA:301,122
DA:302,122
DA:303,122
DA:304,122
DA:306,122
DA:307,96
DA:308,96
DA:310,96
DA:311,96
DA:312,96
DA:313,96
DA:314,96
DA:315,96
DA:316,96
DA:317,96
DA:319,0
DA:320,0
DA:321,0
DA:322,0
DA:323,0
DA:324,0
DA:325,0
DA:326,0
DA:327,0
DA:328,0
DA:329,0
DA:330,0
DA:331,0
DA:333,96
DA:334,96
DA:335,96
DA:338,122
DA:339,26
DA:340,26
DA:342,26
DA:343,26
DA:344,26
DA:345,26
DA:346,26
DA:347,26
DA:348,26
DA:349,26
DA:350,26
DA:351,26
DA:352,26
DA:353,26
DA:354,26
DA:355,26
DA:356,26
DA:357,26
DA:358,26
DA:359,26
DA:360,26
DA:361,26
DA:362,26
DA:365,122
DA:366,122
DA:368,122
DA:369,122
DA:370,122
DA:371,122
DA:372,122
DA:373,122
DA:374,122
DA:376,122
DA:377,122
DA:378,122
DA:379,122
DA:380,122
DA:381,122
DA:383,122
DA:384,3
DA:385,3
DA:386,3
DA:387,2
DA:388,1
DA:389,3
DA:391,3
DA:392,3
DA:395,122
DA:396,122
DA:397,122
DA:398,122
DA:400,122
DA:401,2
DA:402,2
DA:404,2
DA:406,120
DA:407,120
DA:408,120
DA:409,24
DA:410,24
DA:411,24
DA:413,120
DA:414,120
DA:416,122
DA:417,122
DA:418,122
DA:421,122
DA:422,122
DA:423,122
DA:424,122
DA:425,122
DA:426,122
DA:427,122
DA:428,122
DA:429,122
DA:430,122
DA:431,122
DA:432,122
DA:433,122
DA:434,122
DA:435,122
DA:436,122
DA:437,122
DA:438,122
DA:439,24
DA:440,24
DA:441,24
DA:442,24
DA:444,98
DA:445,98
DA:446,11
DA:447,11
DA:448,11
DA:449,11
DA:451,87
DA:452,87
DA:453,157
DA:454,157
DA:455,157
DA:456,157
DA:457,87
DA:458,70
DA:459,157
DA:461,157
DA:462,157
DA:463,157
DA:464,157
DA:465,157
DA:466,157
DA:467,157
DA:468,157
DA:469,157
DA:470,157
DA:471,157
DA:472,157
DA:473,157
DA:474,157
DA:475,157
DA:476,157
DA:477,157
DA:478,157
DA:479,157
DA:480,157
DA:481,157
DA:482,157
DA:483,157
DA:484,157
DA:485,157
DA:486,157
DA:487,157
DA:488,157
DA:489,157
DA:490,157
DA:491,157
DA:492,157
DA:494,157
DA:496,157
DA:497,157
DA:499,157
DA:500,157
DA:501,157
DA:502,157
DA:503,157
DA:504,157
DA:506,157
DA:507,157
DA:508,157
DA:509,157
DA:510,157
DA:511,157
DA:512,157
DA:514,157
DA:515,157
DA:516,157
DA:517,157
DA:518,157
DA:519,87
DA:520,87
DA:522,98
DA:524,122
DA:525,122
DA:526,122
DA:528,122
LF:410
LH:349
BRDA:43,0,0,122
BRDA:281,1,0,96
BRDA:281,2,0,26
BRDA:284,3,0,96
BRDA:285,4,0,26
BRDA:293,5,0,26
BRDA:293,6,0,96
BRDA:296,7,0,26
BRDA:297,8,0,96
BRDA:306,9,0,96
BRDA:317,10,0,0
BRDA:338,11,0,26
BRDA:374,12,0,26
BRDA:374,13,0,96
BRDA:383,14,0,3
BRDA:386,15,0,2
BRDA:387,16,0,1
BRDA:397,17,0,120
BRDA:397,18,0,51
BRDA:397,19,0,32
BRDA:400,20,0,2
BRDA:404,21,0,120
BRDA:408,22,0,24
BRDA:410,23,0,0
BRDA:413,24,0,96
BRDA:438,25,0,24
BRDA:442,26,0,98
BRDA:445,27,0,11
BRDA:449,28,0,87
BRDA:70,29,0,12
BRDA:75,30,0,33
BRDA:79,31,0,122
BRDA:81,32,0,0
BRDA:81,33,0,0
BRDA:90,34,0,13
BRDA:108,35,0,0
BRDA:113,36,0,0
BRDA:114,37,0,0
BRDA:121,38,0,12
BRDA:130,39,0,0
BRDA:138,40,0,0
BRDA:139,41,0,0
BRDA:140,42,0,0
BRDA:141,43,0,0
BRDA:144,44,0,0
BRDA:149,45,0,33
BRDA:150,46,0,24
BRDA:153,47,0,9
BRDA:156,48,0,18
BRDA:157,49,0,9
BRDA:158,50,0,9
BRDA:159,51,0,9
BRDA:160,52,0,9
BRDA:166,53,0,2
BRDA:167,54,0,0
BRDA:172,55,0,0
BRDA:172,56,0,0
BRDA:182,57,0,0
BRDA:185,58,0,0
BRDA:188,59,0,1
BRDA:193,60,0,0
BRDA:196,61,0,0
BRDA:202,62,0,1
BRDA:242,63,0,314
BRDA:243,64,0,227
BRDA:243,65,0,227
BRDA:249,66,0,87
BRDA:250,67,0,0
BRDA:252,68,0,87
BRDA:246,69,0,454
BRDA:256,70,0,157
BRDA:261,71,0,0
BRDA:262,72,0,0
BRDA:263,73,0,0
BRDA:264,74,0,0
BRDA:294,75,0,3
BRDA:372,76,0,50
BRDA:431,77,0,9
BRDA:452,78,0,157
BRDA:456,79,0,87
BRDA:457,80,0,70
BRDA:468,81,0,0
BRDA:472,82,0,0
BRDA:472,83,0,0
BRDA:478,84,0,70
BRDA:481,85,0,70
BRDA:481,86,0,87
BRDA:482,87,0,70
BRDA:487,88,0,70
BRDA:487,89,0,87
BRDA:487,90,0,0
BRDA:487,91,0,87
BRDA:490,92,0,87
BRDA:491,93,0,70
BRDA:506,94,0,87
BRDA:506,95,0,70
BRF:96
BRH:67
end_of_record
TN:
SF:components/admin-refresh-button.tsx
FN:7,AdminRefreshButton
FN:10,handleRefresh
FNF:2
FNH:2
FNDA:12,AdminRefreshButton
FNDA:5,handleRefresh
DA:1,1
DA:7,12
DA:8,12
DA:10,12
DA:11,5
DA:12,5
DA:13,5
DA:14,5
DA:15,5
DA:17,5
DA:18,5
DA:19,1
DA:20,5
DA:21,5
DA:22,5
DA:23,5
DA:25,12
DA:26,12
DA:27,12
DA:28,12
DA:29,12
DA:30,12
DA:31,12
DA:33,12
DA:34,12
DA:35,12
DA:37,12
LF:27
LH:27
BRDA:7,0,0,12
BRDA:33,1,0,4
BRDA:33,2,0,8
BRDA:34,3,0,4
BRDA:34,4,0,8
BRDA:10,5,0,5
BRDA:17,6,0,4
BRDA:18,7,0,1
BRDA:17,8,0,4
BRF:9
BRH:9
end_of_record
TN:
SF:components/admin-stats.tsx
FN:18,AdminStats
FN:33,handleRefresh
FN:44,fetchStats
FNF:3
FNH:3
FNDA:20,AdminStats
FNDA:1,handleRefresh
FNDA:11,fetchStats
DA:1,1
DA:18,20
DA:19,20
DA:20,20
DA:21,20
DA:22,20
DA:23,20
DA:24,20
DA:25,20
DA:26,20
DA:27,20
DA:28,20
DA:30,20
DA:31,10
DA:33,10
DA:34,1
DA:35,1
DA:37,10
DA:39,10
DA:40,10
DA:41,10
DA:42,20
DA:44,20
DA:45,11
DA:46,11
DA:48,11
DA:49,8
DA:50,8
DA:52,9
DA:53,11
DA:54,1
DA:55,11
DA:56,10
DA:57,10
DA:58,11
DA:60,20
DA:61,20
DA:62,20
DA:63,20
DA:64,20
DA:65,20
DA:66,20
DA:67,20
DA:68,20
DA:69,20
DA:70,20
DA:71,20
DA:72,20
DA:73,20
DA:74,20
DA:75,20
DA:76,20
DA:77,20
DA:78,20
DA:79,20
DA:80,20
DA:81,20
DA:82,20
DA:83,20
DA:84,20
DA:85,20
DA:86,20
DA:87,20
DA:88,20
DA:90,20
DA:91,10
DA:92,10
DA:93,10
DA:94,30
DA:95,30
DA:96,30
DA:97,30
DA:98,30
DA:99,30
DA:100,30
DA:101,30
DA:102,10
DA:103,10
DA:105,10
DA:107,10
DA:108,10
DA:109,10
DA:110,30
DA:111,30
DA:112,30
DA:113,30
DA:115,30
DA:116,30
DA:117,30
DA:118,30
DA:119,30
DA:120,30
DA:121,30
DA:122,30
DA:123,30
DA:124,30
DA:125,20
DA:126,20
DA:127,20
DA:128,10
DA:130,20
DA:132,30
DA:133,30
DA:134,30
DA:137,30
DA:138,30
DA:139,30
DA:140,30
DA:142,0
DA:144,10
DA:145,10
DA:147,10
LF:112
LH:111
BRDA:18,0,0,20
BRDA:90,1,0,10
BRDA:30,2,0,10
BRDA:33,3,0,1
BRDA:39,4,0,10
BRDA:44,5,0,11
BRDA:46,6,0,9
BRDA:48,7,0,8
BRDA:50,8,0,9
BRDA:53,9,0,1
BRDA:55,10,0,10
BRDA:52,11,0,9
BRDA:93,12,0,30
BRDA:109,13,0,30
BRDA:113,14,0,0
BRDA:124,15,0,10
BRDA:124,16,0,20
BRDA:127,17,0,10
BRDA:140,18,0,0
BRF:19
BRH:17
end_of_record
TN:
SF:components/audit-log-dashboard.tsx
FN:22,AuditLogDashboard
FN:27,loadLogs
FN:41,handleClearLogs
FN:61,getActionIcon
FN:78,getActionBadge
FNF:5
FNH:5
FNDA:29,AuditLogDashboard
FNDA:13,loadLogs
FNDA:3,handleClearLogs
FNDA:26,getActionIcon
FNDA:26,getActionBadge
DA:1,1
DA:22,29
DA:23,29
DA:24,29
DA:25,29
DA:27,29
DA:28,13
DA:29,13
DA:30,13
DA:31,13
DA:32,11
DA:33,11
DA:34,13
DA:35,1
DA:36,13
DA:37,12
DA:38,12
DA:39,13
DA:41,29
DA:42,3
DA:43,1
DA:44,1
DA:46,2
DA:47,2
DA:48,2
DA:49,1
DA:50,1
DA:51,1
DA:52,3
DA:53,2
DA:54,2
DA:55,3
DA:57,29
DA:58,12
DA:59,29
DA:61,29
DA:62,26
DA:63,26
DA:64,2
DA:65,26
DA:66,11
DA:67,26
DA:68,11
DA:69,26
DA:70,1
DA:71,26
DA:72,1
DA:73,26
DA:74,0
DA:75,26
DA:76,26
DA:78,29
DA:79,26
DA:80,26
DA:81,26
DA:82,26
DA:83,26
DA:84,26
DA:85,26
DA:87,26
DA:89,26
DA:90,26
DA:91,26
DA:92,26
DA:94,26
DA:96,29
DA:97,29
DA:98,29
DA:99,29
DA:100,29
DA:101,29
DA:102,29
DA:103,29
DA:104,29
DA:105,29
DA:107,29
DA:109,29
DA:110,29
DA:111,29
DA:113,29
DA:114,29
DA:115,29
DA:116,29
DA:117,29
DA:118,29
DA:120,29
DA:121,13
DA:122,13
DA:123,13
DA:124,13
DA:125,13
DA:126,13
DA:128,16
DA:129,16
DA:130,4
DA:131,4
DA:132,4
DA:133,4
DA:134,4
DA:136,4
DA:137,4
DA:138,4
DA:140,12
DA:141,12
DA:142,12
DA:143,12
DA:144,12
DA:145,12
DA:146,12
DA:147,12
DA:148,12
DA:149,12
DA:150,12
DA:151,12
DA:152,26
DA:153,26
DA:154,26
DA:155,26
DA:156,26
DA:157,26
DA:158,26
DA:159,26
DA:160,26
DA:161,26
DA:162,26
DA:163,26
DA:164,26
DA:165,26
DA:166,26
DA:167,26
DA:168,26
DA:169,26
DA:170,26
DA:171,26
DA:172,26
DA:173,25
DA:174,25
DA:175,25
DA:176,25
DA:177,25
DA:178,25
DA:180,1
DA:182,26
DA:183,26
DA:184,12
DA:185,12
DA:186,12
DA:187,12
DA:189,16
DA:191,29
DA:193,29
LF:151
LH:150
BRDA:22,0,0,29
BRDA:107,1,0,13
BRDA:107,2,0,16
BRDA:110,3,0,27
BRDA:116,4,0,28
BRDA:116,5,0,1
BRDA:120,6,0,13
BRDA:126,7,0,16
BRDA:129,8,0,4
BRDA:138,9,0,12
BRDA:27,10,0,13
BRDA:30,11,0,11
BRDA:31,12,0,11
BRDA:34,13,0,1
BRDA:36,14,0,12
BRDA:41,15,0,3
BRDA:42,16,0,1
BRDA:44,17,0,2
BRDA:48,18,0,1
BRDA:52,19,0,2
BRDA:57,20,0,12
BRDA:61,21,0,26
BRDA:63,22,0,2
BRDA:65,23,0,11
BRDA:67,24,0,11
BRDA:69,25,0,1
BRDA:71,26,0,1
BRDA:73,27,0,0
BRDA:78,28,0,26
BRDA:87,29,0,0
BRDA:151,30,0,26
BRDA:167,31,0,0
BRDA:172,32,0,25
BRDA:175,33,0,0
BRDA:178,34,0,1
BRF:35
BRH:31
end_of_record
TN:
SF:components/category-filter.tsx
FN:11,getContrastColor
FN:27,addTransparency
FN:65,CategoryFilter
FN:76,clearAllFilters
FN:160,onClick
FN:222,onClick
FN:271,onClick
FNF:7
FNH:6
FNDA:6,getContrastColor
FNDA:0,addTransparency
FNDA:15,CategoryFilter
FNDA:1,clearAllFilters
FNDA:1,onClick
FNDA:1,onClick
FNDA:1,onClick
DA:1,1
DA:11,6
DA:13,6
DA:16,6
DA:17,6
DA:18,6
DA:21,6
DA:24,6
DA:25,6
DA:27,0
DA:28,0
DA:29,0
DA:30,0
DA:31,0
DA:32,0
DA:65,15
DA:66,15
DA:67,15
DA:68,15
DA:69,15
DA:70,15
DA:71,15
DA:72,15
DA:73,15
DA:74,15
DA:75,15
DA:76,15
DA:77,1
DA:78,2
DA:79,1
DA:80,1
DA:81,1
DA:82,1
DA:83,1
DA:85,15
DA:86,15
DA:87,15
DA:88,29
DA:89,29
DA:91,29
DA:92,14
DA:93,29
DA:94,0
DA:95,15
DA:96,15
DA:97,15
DA:98,0
DA:99,0
DA:100,15
DA:102,15
DA:104,15
DA:105,15
DA:106,15
DA:107,15
DA:108,15
DA:109,15
DA:110,4
DA:111,4
DA:113,4
DA:115,15
DA:117,15
DA:118,15
DA:119,2
DA:120,2
DA:121,2
DA:122,2
DA:123,2
DA:127,15
DA:128,15
DA:129,15
DA:130,15
DA:131,15
DA:132,45
DA:133,45
DA:135,45
DA:136,45
DA:137,45
DA:138,6
DA:139,6
DA:140,6
DA:141,6
DA:142,6
DA:143,45
DA:144,39
DA:145,39
DA:146,39
DA:147,39
DA:148,45
DA:150,45
DA:151,45
DA:152,45
DA:153,45
DA:154,45
DA:155,45
DA:156,6
DA:157,39
DA:158,45
DA:159,45
DA:160,45
DA:162,45
DA:163,45
DA:166,45
DA:167,15
DA:168,15
DA:169,15
DA:170,15
DA:171,15
DA:172,15
DA:173,15
DA:175,15
DA:177,30
DA:178,15
DA:179,15
DA:180,15
DA:184,15
DA:185,15
DA:186,15
DA:187,15
DA:188,15
DA:189,30
DA:190,30
DA:191,30
DA:192,30
DA:193,30
DA:194,30
DA:195,30
DA:197,30
DA:198,30
DA:199,30
DA:200,0
DA:201,0
DA:202,0
DA:203,0
DA:204,0
DA:205,30
DA:206,30
DA:207,30
DA:208,30
DA:209,30
DA:210,30
DA:212,30
DA:213,30
DA:214,30
DA:215,30
DA:216,30
DA:217,30
DA:218,0
DA:219,30
DA:220,30
DA:221,30
DA:222,30
DA:224,30
DA:225,30
DA:227,15
DA:228,15
DA:229,15
DA:233,15
DA:234,15
DA:235,15
DA:236,15
DA:237,15
DA:238,44
DA:239,44
DA:240,44
DA:241,44
DA:242,44
DA:243,44
DA:244,44
DA:246,44
DA:247,44
DA:248,44
DA:249,0
DA:250,0
DA:251,0
DA:252,0
DA:253,0
DA:254,44
DA:255,44
DA:256,44
DA:257,44
DA:258,44
DA:259,44
DA:261,44
DA:262,44
DA:263,44
DA:264,44
DA:265,44
DA:266,44
DA:267,0
DA:268,44
DA:269,44
DA:270,44
DA:271,44
DA:273,44
DA:274,44
DA:276,15
DA:277,15
DA:278,15
DA:280,15
DA:282,15
DA:283,15
DA:284,4
DA:285,4
DA:286,4
DA:287,4
DA:288,4
DA:290,11
DA:291,11
DA:292,11
DA:294,15
DA:295,15
DA:296,15
DA:298,15
LF:213
LH:192
BRDA:11,0,0,6
BRDA:24,1,0,2
BRDA:24,2,0,4
BRDA:65,3,0,15
BRDA:109,4,0,11
BRDA:109,5,0,4
BRDA:118,6,0,2
BRDA:118,7,0,2
BRDA:283,8,0,11
BRDA:283,9,0,4
BRDA:285,10,0,0
BRDA:287,11,0,2
BRDA:287,12,0,2
BRDA:288,13,0,11
BRDA:291,14,0,0
BRDA:76,15,0,1
BRDA:77,16,0,2
BRDA:80,17,0,1
BRDA:86,18,0,45
BRDA:87,19,0,29
BRDA:91,20,0,14
BRDA:91,21,0,14
BRDA:93,22,0,15
BRDA:93,23,0,0
BRDA:93,24,0,0
BRDA:97,25,0,0
BRDA:102,26,0,45
BRDA:131,27,0,45
BRDA:137,28,0,6
BRDA:143,29,0,39
BRDA:153,30,0,6
BRDA:153,31,0,39
BRDA:155,32,0,6
BRDA:156,33,0,39
BRDA:166,34,0,15
BRDA:175,35,0,30
BRDA:160,36,0,1
BRDA:188,37,0,30
BRDA:199,38,0,0
BRDA:215,39,0,0
BRDA:217,40,0,0
BRDA:222,41,0,1
BRDA:237,42,0,44
BRDA:248,43,0,0
BRDA:264,44,0,0
BRDA:266,45,0,0
BRDA:271,46,0,1
BRF:47
BRH:36
end_of_record
TN:
SF:components/category-management.tsx
FN:37,CategoryManagement
FN:54,fetchCategories
FN:92,resetForm
FN:101,handleSubmit
FN:135,handleEdit
FN:145,handleDelete
FN:199,onChange
FN:211,onChange
FN:229,onClick
FN:238,onClick
FN:268,onClick
FN:276,onClick
FNF:12
FNH:11
FNDA:95,CategoryManagement
FNDA:18,fetchCategories
FNDA:7,resetForm
FNDA:2,handleSubmit
FNDA:2,handleEdit
FNDA:2,handleDelete
FNDA:40,onChange
FNDA:15,onChange
FNDA:0,onClick
FNDA:1,onClick
FNDA:2,onClick
FNDA:2,onClick
DA:1,1
DA:24,1
DA:25,1
DA:26,1
DA:27,1
DA:28,1
DA:29,1
DA:30,1
DA:31,1
DA:32,1
DA:33,1
DA:34,1
DA:35,1
DA:37,95
DA:38,95
DA:39,95
DA:40,95
DA:41,95
DA:44,95
DA:45,95
DA:46,95
DA:47,95
DA:48,95
DA:50,95
DA:51,15
DA:52,95
DA:54,95
DA:55,18
DA:56,18
DA:58,18
DA:59,18
DA:60,18
DA:61,18
DA:65,18
DA:66,18
DA:68,18
DA:70,18
DA:71,18
DA:72,34
DA:73,34
DA:74,34
DA:75,34
DA:77,34
DA:78,34
DA:79,34
DA:80,34
DA:81,18
DA:82,18
DA:84,18
DA:85,18
DA:86,0
DA:87,18
DA:88,18
DA:89,18
DA:90,18
DA:92,95
DA:93,7
DA:94,7
DA:95,7
DA:96,7
DA:97,7
DA:98,7
DA:99,7
DA:101,95
DA:102,2
DA:104,2
DA:105,2
DA:106,2
DA:107,2
DA:108,2
DA:109,2
DA:110,2
DA:112,2
DA:114,1
DA:116,1
DA:117,1
DA:119,1
DA:121,1
DA:122,1
DA:125,2
DA:128,2
DA:129,2
DA:130,2
DA:131,0
DA:132,0
DA:133,2
DA:135,95
DA:136,2
DA:137,2
DA:138,2
DA:139,2
DA:140,2
DA:141,2
DA:142,2
DA:143,2
DA:145,95
DA:146,2
DA:148,1
DA:149,1
DA:150,1
DA:152,2
DA:154,1
DA:155,2
DA:156,0
DA:157,0
DA:158,2
DA:160,95
DA:161,15
DA:162,15
DA:163,15
DA:164,15
DA:165,15
DA:166,15
DA:167,15
DA:168,15
DA:169,15
DA:171,15
DA:173,80
DA:174,80
DA:176,80
DA:177,80
DA:178,80
DA:179,80
DA:180,80
DA:181,80
DA:182,80
DA:183,80
DA:185,80
DA:186,80
DA:187,80
DA:188,80
DA:189,95
DA:190,95
DA:191,95
DA:192,95
DA:193,95
DA:195,95
DA:196,95
DA:197,95
DA:198,95
DA:199,95
DA:200,95
DA:201,95
DA:202,95
DA:203,95
DA:204,95
DA:205,95
DA:207,95
DA:208,95
DA:209,95
DA:210,95
DA:211,95
DA:212,95
DA:213,95
DA:214,95
DA:215,95
DA:216,95
DA:217,95
DA:219,95
DA:220,95
DA:221,95
DA:222,800
DA:223,800
DA:224,800
DA:225,800
DA:226,800
DA:227,800
DA:228,800
DA:229,800
DA:230,800
DA:231,95
DA:232,95
DA:233,95
DA:234,95
DA:235,95
DA:236,95
DA:237,95
DA:238,95
DA:239,95
DA:240,95
DA:242,95
DA:243,95
DA:244,95
DA:245,95
DA:246,95
DA:247,95
DA:248,95
DA:249,95
DA:250,95
DA:251,95
DA:252,95
DA:255,95
DA:256,95
DA:257,158
DA:258,158
DA:259,158
DA:260,158
DA:261,158
DA:262,158
DA:263,158
DA:264,158
DA:265,158
DA:266,158
DA:267,158
DA:268,158
DA:269,158
DA:271,158
DA:272,158
DA:273,158
DA:274,158
DA:275,158
DA:276,158
DA:277,158
DA:279,158
DA:280,158
DA:281,158
DA:282,158
DA:284,158
DA:285,79
DA:288,158
DA:289,158
DA:290,158
DA:291,158
DA:292,158
DA:293,158
DA:294,158
DA:295,158
DA:296,158
DA:297,95
DA:299,95
DA:300,1
DA:301,1
DA:302,1
DA:304,95
DA:305,95
DA:307,95
LF:236
LH:231
BRDA:37,0,0,95
BRDA:160,1,0,15
BRDA:171,2,0,80
BRDA:189,3,0,17
BRDA:189,4,0,63
BRDA:244,5,0,17
BRDA:244,6,0,63
BRDA:299,7,0,1
BRDA:50,8,0,15
BRDA:54,9,0,18
BRDA:68,10,0,0
BRDA:71,11,0,0
BRDA:85,12,0,0
BRDA:71,13,0,34
BRDA:79,14,0,0
BRDA:92,15,0,7
BRDA:101,16,0,2
BRDA:108,17,0,1
BRDA:112,18,0,1
BRDA:116,19,0,0
BRDA:121,20,0,0
BRDA:130,21,0,0
BRDA:135,22,0,2
BRDA:139,23,0,0
BRDA:145,24,0,2
BRDA:146,25,0,1
BRDA:152,26,0,0
BRDA:152,27,0,1
BRDA:155,28,0,0
BRDA:199,29,0,40
BRDA:211,30,0,15
BRDA:221,31,0,800
BRDA:226,32,0,80
BRDA:226,33,0,720
BRDA:238,34,0,1
BRDA:256,35,0,158
BRDA:284,36,0,79
BRDA:291,37,0,0
BRDA:268,38,0,2
BRDA:276,39,0,2
BRF:40
BRH:29
end_of_record
TN:
SF:components/change-password-form.tsx
FN:12,ChangePasswordForm
FN:29,handleSubmit
FN:139,onClick
FN:162,onClick
FN:185,onClick
FNF:5
FNH:3
FNDA:18,ChangePasswordForm
FNDA:6,handleSubmit
FNDA:2,onClick
FNDA:0,onClick
FNDA:0,onClick
DA:1,1
DA:12,18
DA:13,18
DA:14,18
DA:15,18
DA:16,18
DA:17,18
DA:19,18
DA:20,13
DA:21,1
DA:22,0
DA:23,1
DA:25,1
DA:26,1
DA:27,18
DA:29,18
DA:30,6
DA:31,6
DA:32,6
DA:34,6
DA:35,6
DA:36,6
DA:37,6
DA:39,6
DA:40,1
DA:41,1
DA:42,1
DA:43,1
DA:45,6
DA:46,1
DA:47,1
DA:48,1
DA:49,1
DA:51,6
DA:52,1
DA:53,1
DA:54,1
DA:55,1
DA:57,3
DA:58,3
DA:60,3
DA:61,3
DA:62,3
DA:64,6
DA:65,0
DA:66,0
DA:67,0
DA:68,0
DA:70,3
DA:71,3
DA:72,3
DA:73,3
DA:75,6
DA:76,1
DA:77,1
DA:78,1
DA:79,1
DA:81,2
DA:82,2
DA:83,2
DA:85,6
DA:86,0
DA:87,0
DA:88,0
DA:89,0
DA:90,0
DA:92,1
DA:93,6
DA:94,0
DA:95,0
DA:96,6
DA:97,2
DA:98,2
DA:99,6
DA:101,18
DA:102,18
DA:103,18
DA:104,18
DA:105,18
DA:107,18
DA:108,18
DA:109,18
DA:111,18
DA:112,18
DA:113,18
DA:114,5
DA:115,5
DA:116,5
DA:117,1
DA:118,4
DA:119,5
DA:121,5
DA:122,5
DA:125,18
DA:126,18
DA:128,18
DA:129,18
DA:130,18
DA:131,18
DA:132,18
DA:133,18
DA:134,18
DA:135,18
DA:136,18
DA:137,18
DA:138,18
DA:139,18
DA:140,18
DA:142,18
DA:143,18
DA:144,18
DA:145,18
DA:147,18
DA:148,18
DA:150,18
DA:151,18
DA:152,18
DA:153,18
DA:154,18
DA:155,18
DA:156,18
DA:157,18
DA:158,18
DA:159,18
DA:160,18
DA:161,18
DA:162,18
DA:163,18
DA:165,18
DA:166,18
DA:167,18
DA:168,18
DA:170,18
DA:171,18
DA:173,18
DA:174,18
DA:175,18
DA:176,18
DA:177,18
DA:178,18
DA:179,18
DA:180,18
DA:181,18
DA:182,18
DA:183,18
DA:184,18
DA:185,18
DA:186,18
DA:188,18
DA:189,18
DA:190,18
DA:191,18
DA:193,18
DA:194,18
DA:195,18
DA:197,18
DA:198,18
DA:199,3
DA:200,3
DA:202,3
DA:204,15
DA:205,15
DA:207,15
DA:209,18
DA:210,18
DA:211,18
DA:212,18
DA:214,18
LF:168
LH:156
BRDA:12,0,0,18
BRDA:113,1,0,5
BRDA:116,2,0,1
BRDA:117,3,0,4
BRDA:133,4,0,1
BRDA:133,5,0,17
BRDA:142,6,0,1
BRDA:142,7,0,17
BRDA:155,8,0,0
BRDA:165,9,0,0
BRDA:178,10,0,0
BRDA:188,11,0,0
BRDA:198,12,0,3
BRDA:202,13,0,15
BRDA:19,14,0,13
BRDA:20,15,0,5
BRDA:20,16,0,1
BRDA:25,17,0,1
BRDA:29,18,0,6
BRDA:39,19,0,5
BRDA:39,20,0,5
BRDA:39,21,0,1
BRDA:43,22,0,5
BRDA:45,23,0,1
BRDA:49,24,0,4
BRDA:51,25,0,1
BRDA:55,26,0,3
BRDA:64,27,0,0
BRDA:68,28,0,3
BRDA:75,29,0,1
BRDA:79,30,0,2
BRDA:83,31,0,1
BRDA:85,32,0,0
BRDA:90,33,0,1
BRDA:93,34,0,0
BRDA:96,35,0,1
BRDA:96,36,0,2
BRDA:139,37,0,2
BRF:38
BRH:31
end_of_record
TN:
SF:components/contribute-modal.tsx
FN:12,ContributeModal
FN:13,handleContributeClick
FNF:2
FNH:2
FNDA:7,ContributeModal
FNDA:1,handleContributeClick
DA:1,1
DA:12,7
DA:13,7
DA:14,1
DA:15,1
DA:16,1
DA:17,1
DA:18,1
DA:20,7
DA:21,7
DA:22,7
DA:23,7
DA:24,7
DA:25,7
DA:27,7
DA:28,7
DA:29,7
DA:30,7
DA:31,7
DA:34,7
DA:35,7
DA:36,7
DA:37,7
DA:39,7
DA:40,7
DA:41,7
DA:43,7
DA:44,7
DA:45,7
DA:46,7
DA:47,7
DA:48,7
DA:49,7
DA:50,7
DA:51,7
DA:52,7
DA:53,7
DA:54,7
DA:56,7
LF:39
LH:39
BRDA:12,0,0,7
BRDA:13,1,0,1
BRF:2
BRH:2
end_of_record
TN:
SF:components/curriculum-filter.tsx
FN:6,getContrastColor
FN:15,addTransparency
FN:36,CurriculumFilter
FN:71,onClick
FNF:4
FNH:4
FNDA:3,getContrastColor
FNDA:22,addTransparency
FNDA:10,CurriculumFilter
FNDA:1,onClick
DA:1,1
DA:6,3
DA:7,3
DA:8,3
DA:9,3
DA:10,3
DA:11,3
DA:12,3
DA:13,3
DA:15,22
DA:16,22
DA:17,0
DA:18,0
DA:19,22
DA:20,22
DA:36,10
DA:37,10
DA:38,10
DA:39,10
DA:40,10
DA:42,10
DA:44,10
DA:46,9
DA:47,9
DA:48,9
DA:49,9
DA:50,9
DA:51,9
DA:52,25
DA:54,25
DA:55,25
DA:56,25
DA:57,25
DA:58,25
DA:59,25
DA:60,25
DA:62,25
DA:63,25
DA:64,25
DA:65,25
DA:66,25
DA:67,3
DA:68,22
DA:69,25
DA:70,25
DA:71,25
DA:73,25
DA:74,25
DA:77,25
DA:78,14
DA:79,14
DA:80,14
DA:81,14
DA:82,14
DA:83,14
DA:84,14
DA:86,14
DA:88,11
DA:89,9
DA:90,9
DA:91,9
DA:92,9
DA:94,9
LF:63
LH:61
BRDA:6,0,0,3
BRDA:12,1,0,0
BRDA:15,2,0,22
BRDA:16,3,0,0
BRDA:36,4,0,10
BRDA:44,5,0,1
BRDA:44,6,0,9
BRDA:42,7,0,16
BRDA:51,8,0,25
BRDA:55,9,0,3
BRDA:55,10,0,22
BRDA:56,11,0,3
BRDA:56,12,0,22
BRDA:56,13,0,0
BRDA:57,14,0,3
BRDA:57,15,0,22
BRDA:58,16,0,22
BRDA:58,17,0,3
BRDA:59,18,0,22
BRDA:59,19,0,3
BRDA:64,20,0,3
BRDA:64,21,0,22
BRDA:66,22,0,3
BRDA:67,23,0,22
BRDA:77,24,0,14
BRDA:86,25,0,11
BRDA:71,26,0,1
BRF:27
BRH:24
end_of_record
TN:
SF:components/curriculum-management.tsx
FN:53,CurriculumManagement
FN:68,fetchCurriculums
FN:79,resetForm
FN:84,handleDialogChange
FN:91,handleSubmit
FN:116,handleEdit
FN:126,handleDelete
FN:137,handleMoveUp
FN:152,handleMoveDown
FN:167,handleMoveToTop
FN:183,handleMoveToBottom
FN:231,onChange
FN:243,onChange
FN:261,onClick
FN:270,onClick
FN:305,onClick
FN:313,onClick
FN:321,onClick
FN:329,onClick
FN:353,onClick
FN:361,onClick
FNF:21
FNH:14
FNDA:82,CurriculumManagement
FNDA:16,fetchCurriculums
FNDA:5,resetForm
FNDA:7,handleDialogChange
FNDA:2,handleSubmit
FNDA:2,handleEdit
FNDA:2,handleDelete
FNDA:1,handleMoveUp
FNDA:0,handleMoveDown
FNDA:0,handleMoveToTop
FNDA:0,handleMoveToBottom
FNDA:29,onChange
FNDA:19,onChange
FNDA:1,onClick
FNDA:0,onClick
FNDA:0,onClick
FNDA:1,onClick
FNDA:0,onClick
FNDA:0,onClick
FNDA:2,onClick
FNDA:2,onClick
DA:1,1
DA:40,1
DA:41,1
DA:42,1
DA:43,1
DA:44,1
DA:45,1
DA:46,1
DA:47,1
DA:48,1
DA:49,1
DA:50,1
DA:51,1
DA:53,82
DA:54,82
DA:55,82
DA:56,82
DA:57,82
DA:58,82
DA:59,82
DA:60,82
DA:61,82
DA:62,82
DA:64,82
DA:65,13
DA:66,82
DA:68,82
DA:69,16
DA:70,16
DA:71,16
DA:72,16
DA:73,0
DA:74,16
DA:75,16
DA:76,16
DA:77,16
DA:79,82
DA:80,5
DA:81,5
DA:82,5
DA:84,82
DA:85,7
DA:86,7
DA:87,2
DA:88,2
DA:89,7
DA:91,82
DA:92,2
DA:94,2
DA:95,2
DA:96,1
DA:97,1
DA:98,1
DA:99,1
DA:100,1
DA:101,1
DA:102,1
DA:103,1
DA:104,1
DA:105,1
DA:106,1
DA:107,1
DA:109,2
DA:110,2
DA:111,2
DA:112,0
DA:113,0
DA:114,2
DA:116,82
DA:117,2
DA:118,2
DA:119,2
DA:120,2
DA:121,2
DA:122,2
DA:123,2
DA:124,2
DA:126,82
DA:127,2
DA:129,1
DA:130,1
DA:131,1
DA:132,2
DA:133,0
DA:134,0
DA:135,2
DA:137,82
DA:138,1
DA:140,1
DA:141,1
DA:143,1
DA:144,2
DA:145,2
DA:146,1
DA:148,1
DA:149,1
DA:150,1
DA:152,82
DA:153,0
DA:155,0
DA:156,0
DA:158,0
DA:159,0
DA:160,0
DA:161,0
DA:163,0
DA:164,0
DA:165,0
DA:167,82
DA:168,0
DA:170,0
DA:171,0
DA:172,0
DA:174,0
DA:175,0
DA:176,0
DA:177,0
DA:179,0
DA:180,0
DA:181,0
DA:183,82
DA:184,0
DA:186,0
DA:187,0
DA:188,0
DA:190,0
DA:191,0
DA:192,0
DA:193,0
DA:195,0
DA:196,0
DA:197,0
DA:199,82
DA:200,13
DA:201,13
DA:202,13
DA:203,13
DA:204,13
DA:206,13
DA:208,69
DA:209,69
DA:210,69
DA:211,69
DA:212,69
DA:213,69
DA:214,69
DA:215,69
DA:217,69
DA:218,69
DA:219,69
DA:220,69
DA:221,82
DA:222,82
DA:223,82
DA:224,82
DA:225,82
DA:227,82
DA:228,82
DA:229,82
DA:230,82
DA:231,82
DA:232,82
DA:233,82
DA:234,82
DA:235,82
DA:236,82
DA:237,82
DA:239,82
DA:240,82
DA:241,82
DA:242,82
DA:243,82
DA:244,82
DA:245,82
DA:246,82
DA:247,82
DA:248,82
DA:249,82
DA:251,82
DA:252,82
DA:253,82
DA:254,690
DA:255,690
DA:256,690
DA:257,690
DA:258,690
DA:259,690
DA:260,690
DA:261,690
DA:262,690
DA:263,82
DA:264,82
DA:265,82
DA:266,82
DA:267,82
DA:268,82
DA:269,82
DA:270,82
DA:271,82
DA:272,82
DA:274,82
DA:275,82
DA:276,82
DA:277,82
DA:278,82
DA:279,82
DA:280,82
DA:281,82
DA:282,82
DA:284,82
DA:285,82
DA:286,136
DA:287,136
DA:288,136
DA:290,136
DA:291,136
DA:292,136
DA:293,136
DA:294,136
DA:295,136
DA:296,136
DA:297,136
DA:298,136
DA:300,136
DA:301,136
DA:302,136
DA:303,136
DA:304,136
DA:305,136
DA:306,136
DA:307,136
DA:309,136
DA:311,136
DA:312,136
DA:313,136
DA:314,136
DA:315,136
DA:317,136
DA:319,136
DA:320,136
DA:321,136
DA:322,136
DA:323,136
DA:325,136
DA:327,136
DA:328,136
DA:329,136
DA:330,136
DA:331,136
DA:333,136
DA:335,136
DA:336,136
DA:337,136
DA:339,136
DA:341,136
DA:342,136
DA:343,136
DA:344,136
DA:346,136
DA:348,136
DA:349,136
DA:350,136
DA:351,136
DA:352,136
DA:353,136
DA:354,136
DA:356,136
DA:357,136
DA:358,136
DA:359,136
DA:360,136
DA:361,136
DA:362,136
DA:364,136
DA:365,136
DA:366,136
DA:367,136
DA:368,136
DA:369,136
DA:370,82
DA:372,82
DA:373,1
DA:374,1
DA:375,1
DA:377,82
DA:378,82
DA:380,82
LF:287
LH:250
BRDA:53,0,0,82
BRDA:199,1,0,13
BRDA:206,2,0,69
BRDA:221,3,0,21
BRDA:221,4,0,48
BRDA:276,5,0,21
BRDA:276,6,0,48
BRDA:372,7,0,1
BRDA:64,8,0,13
BRDA:68,9,0,16
BRDA:72,10,0,0
BRDA:79,11,0,5
BRDA:84,12,0,7
BRDA:86,13,0,2
BRDA:91,14,0,2
BRDA:95,15,0,1
BRDA:98,16,0,0
BRDA:104,17,0,0
BRDA:111,18,0,0
BRDA:116,19,0,2
BRDA:120,20,0,0
BRDA:126,21,0,2
BRDA:127,22,0,1
BRDA:132,23,0,0
BRDA:137,24,0,1
BRDA:138,25,0,0
BRDA:143,26,0,2
BRDA:231,27,0,29
BRDA:243,28,0,19
BRDA:253,29,0,690
BRDA:258,30,0,69
BRDA:258,31,0,621
BRDA:261,32,0,1
BRDA:285,33,0,136
BRDA:349,34,0,0
BRDA:313,35,0,1
BRDA:353,36,0,2
BRDA:361,37,0,2
BRF:38
BRH:30
end_of_record
TN:
SF:components/curriculum-modal.tsx
FN:12,CurriculumModal
FN:13,handleLinkClick
FN:31,onClick
FN:47,onClick
FNF:4
FNH:4
FNDA:10,CurriculumModal
FNDA:2,handleLinkClick
FNDA:1,onClick
FNDA:1,onClick
DA:1,1
DA:12,10
DA:13,10
DA:14,2
DA:15,2
DA:17,10
DA:18,10
DA:19,10
DA:20,10
DA:21,10
DA:22,10
DA:24,10
DA:25,10
DA:26,10
DA:27,10
DA:29,10
DA:30,10
DA:31,10
DA:32,1
DA:34,10
DA:36,10
DA:37,10
DA:38,10
DA:39,10
DA:40,10
DA:41,10
DA:42,10
DA:43,10
DA:44,10
DA:46,10
DA:47,10
DA:48,1
DA:50,10
DA:52,10
DA:53,10
DA:54,10
DA:55,10
DA:56,10
DA:57,10
DA:58,10
DA:59,10
DA:60,10
DA:61,10
DA:62,10
DA:63,10
DA:64,10
DA:66,10
LF:47
LH:47
BRDA:12,0,0,10
BRDA:13,1,0,2
BRDA:31,2,0,1
BRDA:47,3,0,1
BRF:4
BRH:4
end_of_record
TN:
SF:components/debug-dashboard.tsx
FN:21,DebugDashboard
FN:27,loadLogs
FN:41,handleClearLogs
FN:57,toggleRow
FN:67,getEventIcon
FN:82,getEventBadge
FN:102,getSuccessBadge
FN:111,getFailureBadge
FN:120,getKeyAdditionalData
FN:195,onClick
FNF:10
FNH:10
FNDA:29,DebugDashboard
FNDA:12,loadLogs
FNDA:2,handleClearLogs
FNDA:2,toggleRow
FNDA:28,getEventIcon
FNDA:28,getEventBadge
FNDA:15,getSuccessBadge
FNDA:13,getFailureBadge
FNDA:15,getKeyAdditionalData
FNDA:2,onClick
DA:1,1
DA:21,29
DA:22,29
DA:23,29
DA:24,29
DA:25,29
DA:27,29
DA:28,12
DA:29,12
DA:30,12
DA:31,12
DA:32,10
DA:33,10
DA:34,12
DA:35,1
DA:36,12
DA:37,11
DA:38,11
DA:39,12
DA:41,29
DA:42,2
DA:43,2
DA:44,2
DA:45,1
DA:46,1
DA:47,1
DA:48,2
DA:49,2
DA:50,2
DA:51,2
DA:53,29
DA:54,11
DA:55,29
DA:57,29
DA:58,2
DA:59,2
DA:60,1
DA:61,1
DA:62,1
DA:63,1
DA:64,2
DA:65,2
DA:67,29
DA:68,28
DA:69,28
DA:70,13
DA:71,28
DA:72,13
DA:73,28
DA:74,1
DA:75,28
DA:76,1
DA:77,28
DA:78,0
DA:79,28
DA:80,28
DA:82,29
DA:83,28
DA:84,28
DA:85,28
DA:86,28
DA:87,28
DA:88,28
DA:90,28
DA:91,0
DA:92,0
DA:93,0
DA:95,28
DA:96,28
DA:97,28
DA:98,28
DA:100,28
DA:102,29
DA:103,15
DA:104,15
DA:105,15
DA:106,15
DA:107,15
DA:109,15
DA:111,29
DA:112,13
DA:113,13
DA:114,13
DA:115,13
DA:116,13
DA:118,13
DA:120,29
DA:121,15
DA:123,15
DA:124,0
DA:125,0
DA:127,15
DA:128,15
DA:129,15
DA:131,0
DA:132,15
DA:134,29
DA:135,29
DA:136,29
DA:137,29
DA:138,29
DA:139,29
DA:140,29
DA:141,29
DA:142,29
DA:143,29
DA:145,29
DA:147,29
DA:148,29
DA:149,29
DA:151,29
DA:152,29
DA:153,29
DA:154,29
DA:155,29
DA:156,29
DA:158,29
DA:159,12
DA:160,12
DA:161,12
DA:162,12
DA:163,12
DA:164,12
DA:166,17
DA:167,17
DA:168,4
DA:169,4
DA:170,4
DA:171,4
DA:172,4
DA:174,4
DA:175,4
DA:176,4
DA:178,13
DA:179,13
DA:180,13
DA:181,13
DA:182,13
DA:183,13
DA:184,13
DA:185,13
DA:186,13
DA:187,13
DA:188,13
DA:189,13
DA:190,13
DA:191,28
DA:192,28
DA:193,28
DA:194,28
DA:195,28
DA:197,28
DA:198,28
DA:199,28
DA:200,28
DA:201,28
DA:202,28
DA:203,28
DA:204,28
DA:205,28
DA:206,28
DA:207,28
DA:208,28
DA:209,28
DA:210,28
DA:211,28
DA:212,28
DA:213,28
DA:214,28
DA:215,13
DA:217,15
DA:218,15
DA:219,15
DA:221,28
DA:222,28
DA:223,28
DA:224,1
DA:225,1
DA:226,1
DA:227,1
DA:228,1
DA:229,1
DA:230,1
DA:231,1
DA:232,1
DA:233,1
DA:234,1
DA:236,28
DA:237,13
DA:238,13
DA:239,13
DA:240,13
DA:242,17
DA:244,29
DA:246,29
LF:195
LH:188
BRDA:21,0,0,29
BRDA:145,1,0,12
BRDA:145,2,0,17
BRDA:148,3,0,27
BRDA:154,4,0,0
BRDA:158,5,0,12
BRDA:164,6,0,17
BRDA:167,7,0,4
BRDA:176,8,0,13
BRDA:27,9,0,12
BRDA:30,10,0,10
BRDA:31,11,0,10
BRDA:34,12,0,1
BRDA:36,13,0,11
BRDA:41,14,0,2
BRDA:44,15,0,1
BRDA:53,16,0,11
BRDA:57,17,0,2
BRDA:59,18,0,1
BRDA:67,19,0,28
BRDA:69,20,0,13
BRDA:71,21,0,13
BRDA:73,22,0,1
BRDA:75,23,0,1
BRDA:77,24,0,0
BRDA:82,25,0,28
BRDA:90,26,0,0
BRDA:102,27,0,15
BRDA:111,28,0,13
BRDA:120,29,0,15
BRDA:121,30,0,0
BRDA:123,31,0,0
BRDA:128,32,0,0
BRDA:129,33,0,0
BRDA:190,34,0,28
BRDA:209,35,0,15
BRDA:209,36,0,13
BRDA:214,37,0,13
BRDA:215,38,0,15
BRDA:218,39,0,0
BRDA:223,40,0,1
BRDA:223,41,0,1
BRDA:195,42,0,2
BRF:43
BRH:35
end_of_record
TN:
SF:components/donation-modal.tsx
FN:13,DonationModal
FN:16,handleDonateClick
FN:20,handleCopyPayID
FNF:3
FNH:3
FNDA:11,DonationModal
FNDA:1,handleDonateClick
FNDA:2,handleCopyPayID
DA:1,1
DA:13,11
DA:14,11
DA:16,11
DA:17,1
DA:18,1
DA:20,11
DA:21,2
DA:22,2
DA:23,2
DA:24,2
DA:25,2
DA:26,0
DA:27,0
DA:28,2
DA:30,11
DA:31,11
DA:32,11
DA:33,11
DA:34,11
DA:35,11
DA:37,11
DA:38,11
DA:40,11
DA:41,11
DA:42,11
DA:44,11
DA:46,11
DA:48,11
DA:50,11
DA:51,11
DA:53,11
DA:54,11
DA:55,11
DA:56,11
DA:58,11
DA:59,11
DA:60,11
DA:62,11
DA:64,11
DA:65,11
DA:67,11
DA:68,11
DA:69,11
DA:70,11
DA:71,11
DA:72,11
DA:73,11
DA:74,11
DA:76,11
DA:77,11
DA:78,11
DA:79,11
DA:80,11
DA:82,11
DA:83,2
DA:85,9
DA:87,11
DA:88,11
DA:89,11
DA:90,11
DA:92,11
DA:93,11
DA:95,11
DA:96,11
DA:97,11
DA:98,11
DA:99,11
DA:101,11
DA:102,11
DA:103,11
DA:104,11
DA:105,11
DA:107,11
LF:74
LH:72
BRDA:13,0,0,11
BRDA:80,1,0,2
BRDA:80,2,0,9
BRDA:82,3,0,2
BRDA:83,4,0,9
BRDA:16,5,0,1
BRDA:20,6,0,2
BRDA:25,7,0,0
BRF:8
BRH:7
end_of_record
TN:
SF:components/header.tsx
FN:50,Header
FN:72,handleProfileClick
FN:76,handleSignOutClick
FN:164,onClick
FN:206,onClick
FN:216,onClick
FN:223,onClick
FN:230,onClick
FN:256,onClick
FN:276,onClick
FN:289,onClick
FN:302,onClick
FN:315,onClick
FN:325,onClick
FN:335,onClick
FN:344,onClick
FN:354,onClose
FN:355,onClose
FN:356,onClose
FN:357,onClose
FN:358,onClose
FNF:21
FNH:7
FNDA:56,Header
FNDA:0,handleProfileClick
FNDA:0,handleSignOutClick
FNDA:11,onClick
FNDA:0,onClick
FNDA:0,onClick
FNDA:0,onClick
FNDA:0,onClick
FNDA:0,onClick
FNDA:2,onClick
FNDA:1,onClick
FNDA:1,onClick
FNDA:1,onClick
FNDA:0,onClick
FNDA:0,onClick
FNDA:1,onClick
FNDA:0,onClose
FNDA:0,onClose
FNDA:0,onClose
FNDA:0,onClose
FNDA:0,onClose
DA:1,1
DA:50,56
DA:51,56
DA:52,56
DA:53,56
DA:54,56
DA:55,56
DA:56,56
DA:57,56
DA:58,56
DA:59,56
DA:60,56
DA:61,56
DA:62,56
DA:64,56
DA:65,55
DA:66,55
DA:67,55
DA:68,55
DA:69,55
DA:70,1
DA:72,56
DA:73,0
DA:74,0
DA:76,56
DA:77,0
DA:78,0
DA:80,56
DA:81,56
DA:82,56
DA:83,56
DA:84,56
DA:85,56
DA:86,56
DA:87,56
DA:88,56
DA:90,56
DA:91,56
DA:92,56
DA:93,56
DA:94,56
DA:95,56
DA:96,56
DA:97,56
DA:99,56
DA:100,56
DA:101,56
DA:102,56
DA:103,56
DA:104,56
DA:105,0
DA:106,56
DA:108,56
DA:109,56
DA:110,56
DA:111,56
DA:112,53
DA:113,53
DA:114,53
DA:115,53
DA:116,0
DA:117,53
DA:118,53
DA:120,53
DA:121,53
DA:122,53
DA:124,56
DA:125,56
DA:126,56
DA:127,56
DA:128,0
DA:129,56
DA:130,56
DA:132,56
DA:133,56
DA:134,56
DA:135,56
DA:136,15
DA:137,15
DA:138,15
DA:139,15
DA:140,0
DA:141,15
DA:142,15
DA:144,15
DA:145,15
DA:146,15
DA:148,56
DA:149,0
DA:150,0
DA:151,0
DA:153,0
DA:154,0
DA:155,0
DA:157,56
DA:159,56
DA:160,56
DA:161,56
DA:162,56
DA:163,56
DA:164,56
DA:166,56
DA:167,56
DA:168,56
DA:169,56
DA:171,56
DA:173,56
DA:174,56
DA:175,56
DA:176,56
DA:177,56
DA:179,56
DA:180,56
DA:181,1
DA:183,56
DA:184,56
DA:185,56
DA:186,56
DA:187,56
DA:188,56
DA:189,56
DA:190,56
DA:191,56
DA:192,56
DA:193,56
DA:194,56
DA:195,56
DA:196,56
DA:197,56
DA:198,56
DA:200,56
DA:202,56
DA:203,56
DA:204,15
DA:205,15
DA:206,15
DA:207,0
DA:208,0
DA:210,15
DA:212,15
DA:214,56
DA:215,56
DA:216,56
DA:218,56
DA:220,56
DA:221,56
DA:222,56
DA:223,56
DA:225,56
DA:227,56
DA:228,56
DA:229,56
DA:230,56
DA:232,56
DA:234,56
DA:235,56
DA:236,56
DA:237,56
DA:239,56
DA:240,56
DA:241,56
DA:242,56
DA:243,56
DA:245,56
DA:246,56
DA:247,56
DA:248,56
DA:249,56
DA:251,56
DA:253,56
DA:254,56
DA:255,56
DA:256,56
DA:258,56
DA:260,56
DA:261,56
DA:262,56
DA:263,56
DA:264,56
DA:266,56
DA:267,11
DA:268,11
DA:269,11
DA:270,11
DA:271,11
DA:272,11
DA:273,11
DA:274,0
DA:275,11
DA:276,11
DA:278,11
DA:279,11
DA:280,11
DA:281,11
DA:282,10
DA:283,10
DA:284,10
DA:285,10
DA:286,0
DA:287,10
DA:288,10
DA:289,10
DA:291,10
DA:292,10
DA:293,10
DA:295,11
DA:296,11
DA:297,11
DA:298,11
DA:299,0
DA:300,11
DA:301,11
DA:302,11
DA:304,11
DA:305,11
DA:306,11
DA:307,11
DA:308,3
DA:309,3
DA:310,3
DA:311,3
DA:312,0
DA:313,3
DA:314,3
DA:315,3
DA:317,3
DA:318,3
DA:319,3
DA:321,11
DA:322,0
DA:323,0
DA:324,0
DA:325,0
DA:327,0
DA:328,0
DA:329,0
DA:331,11
DA:332,3
DA:333,3
DA:334,3
DA:335,3
DA:337,3
DA:338,3
DA:339,3
DA:341,11
DA:342,11
DA:343,11
DA:344,11
DA:346,11
DA:347,11
DA:348,11
DA:349,11
DA:350,11
DA:352,56
DA:354,56
DA:355,56
DA:356,56
DA:357,56
DA:358,56
DA:359,56
DA:361,56
LF:261
LH:234
BRDA:50,0,0,56
BRDA:56,1,0,0
BRDA:64,2,0,55
BRDA:69,3,0,1
BRDA:104,4,0,0
BRDA:111,5,0,53
BRDA:115,6,0,0
BRDA:127,7,0,0
BRDA:135,8,0,44
BRDA:135,9,0,15
BRDA:139,10,0,0
BRDA:148,11,0,0
BRDA:180,12,0,1
BRDA:181,13,0,0
BRDA:181,14,0,0
BRDA:193,15,0,1
BRDA:203,16,0,44
BRDA:203,17,0,15
BRDA:266,18,0,11
BRDA:273,19,0,0
BRDA:281,20,0,10
BRDA:285,21,0,0
BRDA:298,22,0,0
BRDA:307,23,0,8
BRDA:307,24,0,3
BRDA:311,25,0,0
BRDA:321,26,0,0
BRDA:331,27,0,8
BRDA:331,28,0,3
BRDA:67,29,0,110
BRDA:164,30,0,11
BRDA:276,31,0,2
BRDA:289,32,0,1
BRDA:302,33,0,1
BRDA:315,34,0,1
BRDA:344,35,0,1
BRF:36
BRH:23
end_of_record
TN:
SF:components/invite-user-modal.tsx
FN:25,InviteUserModal
FN:31,handleInvite
FN:71,handleClose
FN:104,onChange
FNF:4
FNH:4
FNDA:119,InviteUserModal
FNDA:7,handleInvite
FNDA:2,handleClose
FNDA:8,onChange
DA:1,1
DA:25,119
DA:26,119
DA:27,119
DA:28,119
DA:29,119
DA:31,119
DA:32,7
DA:34,7
DA:35,1
DA:36,1
DA:37,1
DA:38,1
DA:40,6
DA:41,6
DA:42,6
DA:44,6
DA:45,6
DA:47,7
DA:48,1
DA:49,1
DA:50,7
DA:51,3
DA:52,3
DA:53,3
DA:56,3
DA:57,2
DA:58,2
DA:59,2
DA:60,3
DA:61,3
DA:62,7
DA:63,1
DA:64,1
DA:65,1
DA:66,7
DA:67,5
DA:68,5
DA:69,7
DA:71,119
DA:72,2
DA:73,2
DA:74,2
DA:75,2
DA:76,2
DA:78,119
DA:79,119
DA:80,119
DA:81,119
DA:82,119
DA:83,119
DA:85,119
DA:86,119
DA:89,119
DA:90,119
DA:92,119
DA:93,119
DA:94,119
DA:96,119
DA:97,119
DA:98,119
DA:99,119
DA:100,119
DA:101,119
DA:102,119
DA:103,119
DA:104,119
DA:105,119
DA:106,119
DA:107,119
DA:108,119
DA:109,119
DA:110,119
DA:112,119
DA:113,6
DA:114,6
DA:115,6
DA:116,3
DA:117,3
DA:118,6
DA:120,6
DA:121,6
DA:124,119
DA:125,119
DA:126,119
DA:127,119
DA:128,119
DA:129,119
DA:130,119
DA:131,119
DA:133,119
DA:134,119
DA:135,119
DA:136,119
DA:137,119
DA:138,119
DA:139,119
DA:140,119
DA:142,119
LF:99
LH:99
BRDA:25,0,0,119
BRDA:112,1,0,6
BRDA:115,2,0,3
BRDA:116,3,0,3
BRDA:135,4,0,6
BRDA:135,5,0,113
BRDA:31,6,0,7
BRDA:34,7,0,1
BRDA:38,8,0,6
BRDA:45,9,0,4
BRDA:47,10,0,1
BRDA:50,11,0,3
BRDA:51,12,0,0
BRDA:62,13,0,1
BRDA:66,14,0,5
BRDA:56,15,0,2
BRDA:71,16,0,2
BRDA:104,17,0,8
BRF:18
BRH:17
end_of_record
TN:
SF:components/legal-footer.tsx
FN:1,LegalFooter
FNF:1
FNH:1
FNDA:5,LegalFooter
DA:1,1
DA:2,5
DA:4,5
DA:5,5
DA:6,5
DA:7,5
DA:8,5
DA:10,5
DA:11,5
DA:12,5
DA:13,5
DA:14,5
DA:15,5
DA:16,5
DA:18,5
DA:19,5
DA:20,5
DA:21,5
DA:22,5
DA:23,5
DA:24,5
DA:26,5
DA:27,5
DA:28,5
DA:29,5
DA:30,5
DA:32,5
LF:27
LH:27
BRDA:1,0,0,5
BRF:1
BRH:1
end_of_record
TN:
SF:components/loading-provider.tsx
FN:15,useLoading
FN:23,LoadingProvider
FN:37,handleClick
FN:108,setLoading
FNF:4
FNH:2
FNDA:4,useLoading
FNDA:2,LoadingProvider
FNDA:0,handleClick
FNDA:0,setLoading
DA:1,1
DA:13,1
DA:15,1
DA:16,4
DA:17,4
DA:18,2
DA:19,2
DA:20,1
DA:21,1
DA:23,1
DA:24,2
DA:25,2
DA:26,2
DA:28,2
DA:29,2
DA:30,2
DA:31,2
DA:33,2
DA:34,2
DA:35,2
DA:37,2
DA:38,0
DA:41,0
DA:42,0
DA:44,0
DA:45,0
DA:46,0
DA:48,0
DA:50,0
DA:52,0
DA:53,0
DA:54,0
DA:55,0
DA:56,0
DA:57,0
DA:58,0
DA:59,0
DA:61,0
DA:62,0
DA:63,0
DA:66,0
DA:67,0
DA:68,0
DA:69,0
DA:71,0
DA:72,0
DA:73,0
DA:75,0
DA:76,0
DA:78,0
DA:79,0
DA:82,0
DA:83,0
DA:84,0
DA:85,0
DA:86,0
DA:87,0
DA:88,0
DA:89,0
DA:92,0
DA:93,0
DA:94,0
DA:95,0
DA:96,0
DA:97,0
DA:99,2
DA:101,2
DA:102,2
DA:103,2
DA:104,2
DA:105,2
DA:106,2
DA:108,2
DA:109,0
DA:110,0
DA:111,0
DA:112,0
DA:113,0
DA:115,2
DA:117,2
DA:118,2
DA:119,2
DA:120,2
DA:121,0
DA:122,0
DA:123,0
DA:124,0
DA:125,0
DA:126,0
DA:128,2
DA:130,2
LF:91
LH:36
BRDA:15,0,0,4
BRDA:17,1,0,2
BRDA:19,2,0,1
BRDA:23,3,0,2
BRDA:120,4,0,0
BRDA:28,5,0,2
BRDA:33,6,0,2
BRDA:101,7,0,2
BRDA:103,8,0,0
BRDA:104,9,0,0
BRDA:115,10,0,2
BRF:11
BRH:8
end_of_record
TN:
SF:components/login-form.tsx
FN:14,SubmitButton
FN:40,LoginForm
FN:48,handleResetPassword
FN:130,onClick
FN:155,onClick
FN:166,onChange
FN:182,onClick
FNF:7
FNH:7
FNDA:32,SubmitButton
FNDA:32,LoginForm
FNDA:4,handleResetPassword
FNDA:2,onClick
FNDA:6,onClick
FNDA:3,onChange
FNDA:1,onClick
DA:1,1
DA:14,32
DA:15,32
DA:17,32
DA:18,32
DA:19,32
DA:20,32
DA:21,32
DA:23,32
DA:24,0
DA:25,0
DA:27,0
DA:29,32
DA:31,32
DA:33,32
DA:40,32
DA:41,32
DA:42,32
DA:43,32
DA:44,32
DA:45,32
DA:46,32
DA:48,32
DA:49,4
DA:50,4
DA:51,1
DA:52,1
DA:53,1
DA:55,3
DA:56,3
DA:57,3
DA:59,3
DA:60,3
DA:61,3
DA:62,3
DA:64,3
DA:66,4
DA:67,1
DA:68,4
DA:69,2
DA:70,2
DA:71,2
DA:72,2
DA:73,4
DA:75,32
DA:77,32
DA:78,32
DA:79,32
DA:80,32
DA:81,32
DA:82,32
DA:84,32
DA:85,32
DA:86,32
DA:87,32
DA:89,32
DA:91,32
DA:92,32
DA:94,32
DA:95,32
DA:96,32
DA:97,1
DA:98,1
DA:99,1
DA:102,32
DA:103,32
DA:104,32
DA:106,32
DA:107,32
DA:108,32
DA:109,32
DA:110,32
DA:111,32
DA:112,32
DA:113,32
DA:114,32
DA:115,32
DA:116,32
DA:117,32
DA:119,32
DA:120,32
DA:121,32
DA:122,32
DA:123,32
DA:124,32
DA:125,32
DA:126,32
DA:127,32
DA:128,32
DA:129,32
DA:130,32
DA:131,32
DA:133,32
DA:134,32
DA:135,32
DA:136,32
DA:137,32
DA:139,32
DA:141,32
DA:143,32
DA:144,32
DA:145,32
DA:147,32
DA:148,32
DA:149,32
DA:151,32
DA:152,32
DA:153,18
DA:154,18
DA:155,18
DA:156,18
DA:157,18
DA:158,18
DA:160,18
DA:162,14
DA:163,14
DA:164,14
DA:165,14
DA:166,14
DA:167,14
DA:168,14
DA:169,14
DA:170,14
DA:171,14
DA:172,14
DA:173,14
DA:174,14
DA:175,14
DA:176,14
DA:178,14
DA:179,14
DA:180,14
DA:181,14
DA:182,14
DA:183,1
DA:184,1
DA:185,1
DA:186,1
DA:187,14
DA:188,14
DA:189,14
DA:190,14
DA:192,14
DA:193,14
DA:194,14
DA:195,2
DA:196,2
DA:197,2
DA:199,14
DA:200,0
DA:201,0
DA:202,0
DA:204,14
DA:206,32
DA:208,32
DA:209,32
DA:213,32
DA:214,32
DA:215,32
DA:216,32
DA:218,32
LF:161
LH:155
BRDA:14,0,0,32
BRDA:23,1,0,0
BRDA:40,2,0,32
BRDA:96,3,0,1
BRDA:124,4,0,1
BRDA:124,5,0,31
BRDA:133,6,0,1
BRDA:133,7,0,31
BRDA:139,8,0,1
BRDA:152,9,0,18
BRDA:160,10,0,14
BRDA:178,11,0,3
BRDA:178,12,0,11
BRDA:194,13,0,2
BRDA:199,14,0,0
BRDA:48,15,0,4
BRDA:50,16,0,1
BRDA:53,17,0,3
BRDA:66,18,0,1
BRDA:68,19,0,2
BRDA:130,20,0,2
BRDA:155,21,0,6
BRDA:166,22,0,3
BRDA:182,23,0,1
BRF:24
BRH:22
end_of_record
TN:
SF:components/metadata-management.tsx
FN:11,MetadataManagement
FNF:1
FNH:1
FNDA:14,MetadataManagement
DA:1,1
DA:11,14
DA:12,14
DA:14,14
DA:15,14
DA:16,14
DA:17,14
DA:18,14
DA:19,14
DA:20,14
DA:21,14
DA:22,14
DA:23,14
DA:24,14
DA:25,14
DA:27,14
DA:29,14
DA:30,14
DA:31,14
DA:32,14
DA:34,14
DA:36,14
DA:37,14
DA:38,14
DA:39,14
DA:41,14
DA:43,14
DA:44,14
DA:46,14
DA:47,14
DA:48,14
DA:50,14
DA:51,14
DA:52,14
DA:54,14
DA:55,14
DA:56,14
DA:57,14
DA:58,14
DA:59,14
DA:61,14
LF:41
LH:41
BRDA:11,0,0,14
BRF:1
BRH:1
end_of_record
TN:
SF:components/notification-bell.tsx
FN:33,NotificationBell
FN:61,markAsRead
FN:78,deleteNotification
FN:98,markAllAsRead
FN:119,deleteAll
FN:140,handleReply
FN:266,onClick
FN:276,onClick
FN:286,onClick
FNF:9
FNH:9
FNDA:44,NotificationBell
FNDA:1,markAsRead
FNDA:1,deleteNotification
FNDA:1,markAllAsRead
FNDA:1,deleteAll
FNDA:2,handleReply
FNDA:2,onClick
FNDA:1,onClick
FNDA:1,onClick
DA:1,1
DA:33,44
DA:34,44
DA:35,44
DA:36,44
DA:37,44
DA:38,44
DA:40,44
DA:41,15
DA:42,15
DA:43,0
DA:44,0
DA:45,0
DA:47,15
DA:49,15
DA:50,0
DA:51,0
DA:52,0
DA:54,15
DA:55,15
DA:56,15
DA:57,0
DA:58,0
DA:59,44
DA:61,44
DA:62,1
DA:63,1
DA:65,1
DA:66,0
DA:67,0
DA:68,0
DA:71,1
DA:72,1
DA:73,1
DA:74,0
DA:75,0
DA:76,1
DA:78,44
DA:79,1
DA:80,1
DA:82,1
DA:83,0
DA:84,0
DA:85,0
DA:88,1
DA:89,1
DA:90,1
DA:91,1
DA:92,1
DA:93,1
DA:94,0
DA:95,0
DA:96,1
DA:98,44
DA:99,1
DA:100,1
DA:102,1
DA:104,1
DA:106,1
DA:107,0
DA:108,0
DA:109,0
DA:112,1
DA:113,1
DA:114,1
DA:115,0
DA:116,0
DA:117,1
DA:119,44
DA:120,1
DA:121,1
DA:123,1
DA:125,1
DA:127,1
DA:128,0
DA:129,0
DA:130,0
DA:133,1
DA:134,1
DA:135,1
DA:136,0
DA:137,0
DA:138,1
DA:140,44
DA:141,2
DA:143,1
DA:144,1
DA:146,1
DA:147,1
DA:148,2
DA:149,2
DA:151,44
DA:152,16
DA:153,1
DA:154,1
DA:155,1
DA:157,15
DA:158,44
DA:160,44
DA:161,44
DA:162,44
DA:163,44
DA:164,44
DA:165,44
DA:166,44
DA:167,44
DA:168,5
DA:169,39
DA:170,44
DA:172,44
DA:173,44
DA:174,21
DA:175,21
DA:176,21
DA:177,21
DA:179,21
DA:180,21
DA:182,44
DA:183,44
DA:184,44
DA:185,44
DA:186,44
DA:187,44
DA:189,44
DA:190,44
DA:191,44
DA:192,44
DA:193,44
DA:194,44
DA:195,44
DA:196,25
DA:197,25
DA:198,21
DA:199,21
DA:200,21
DA:201,21
DA:202,21
DA:203,21
DA:205,21
DA:207,21
DA:209,25
DA:210,25
DA:211,25
DA:212,25
DA:213,25
DA:214,25
DA:216,25
DA:218,25
DA:219,25
DA:221,44
DA:222,44
DA:224,44
DA:225,19
DA:226,19
DA:227,19
DA:228,19
DA:230,25
DA:231,25
DA:232,49
DA:233,49
DA:234,49
DA:235,49
DA:236,49
DA:238,49
DA:239,49
DA:240,49
DA:241,49
DA:242,49
DA:243,49
DA:244,49
DA:245,49
DA:246,49
DA:247,49
DA:248,49
DA:249,49
DA:250,49
DA:251,49
DA:252,49
DA:253,49
DA:254,49
DA:255,49
DA:256,21
DA:258,49
DA:259,49
DA:260,49
DA:261,49
DA:262,49
DA:263,49
DA:264,49
DA:265,49
DA:266,49
DA:267,49
DA:268,49
DA:270,49
DA:271,49
DA:272,49
DA:273,21
DA:274,21
DA:275,21
DA:276,21
DA:277,21
DA:278,21
DA:279,21
DA:281,21
DA:283,49
DA:284,49
DA:285,49
DA:286,49
DA:287,49
DA:288,49
DA:290,49
DA:291,49
DA:292,49
DA:293,49
DA:294,49
DA:295,25
DA:296,25
DA:298,44
DA:299,44
DA:301,44
LF:220
LH:192
BRDA:33,0,0,44
BRDA:167,1,0,5
BRDA:168,2,0,39
BRDA:173,3,0,21
BRDA:176,4,0,3
BRDA:176,5,0,18
BRDA:179,6,0,0
BRDA:193,7,0,21
BRDA:195,8,0,25
BRDA:197,9,0,21
BRDA:224,10,0,19
BRDA:228,11,0,25
BRDA:40,12,0,15
BRDA:42,13,0,0
BRDA:49,14,0,0
BRDA:56,15,0,0
BRDA:55,16,0,28
BRDA:61,17,0,1
BRDA:65,18,0,0
BRDA:73,19,0,0
BRDA:71,20,0,1
BRDA:71,21,0,2
BRDA:71,22,0,1
BRDA:71,23,0,1
BRDA:72,24,0,1
BRDA:78,25,0,1
BRDA:82,26,0,0
BRDA:93,27,0,0
BRDA:88,28,0,1
BRDA:88,29,0,2
BRDA:89,30,0,1
BRDA:91,31,0,0
BRDA:90,32,0,1
BRDA:98,33,0,1
BRDA:102,34,0,0
BRDA:106,35,0,0
BRDA:114,36,0,0
BRDA:100,37,0,2
BRDA:100,38,0,1
BRDA:112,39,0,1
BRDA:112,40,0,2
BRDA:119,41,0,1
BRDA:123,42,0,0
BRDA:127,43,0,0
BRDA:135,44,0,0
BRDA:121,45,0,2
BRDA:140,46,0,2
BRDA:141,47,0,1
BRDA:151,48,0,16
BRDA:152,49,0,15
BRDA:152,50,0,15
BRDA:152,51,0,1
BRDA:155,52,0,15
BRDA:231,53,0,49
BRDA:235,54,0,21
BRDA:235,55,0,28
BRDA:245,56,0,0
BRDA:248,57,0,0
BRDA:252,58,0,0
BRDA:255,59,0,21
BRDA:256,60,0,3
BRDA:256,61,0,18
BRDA:272,62,0,21
BRDA:266,63,0,2
BRDA:276,64,0,1
BRDA:286,65,0,1
BRF:66
BRH:48
end_of_record
TN:
SF:components/pending-users.tsx
FN:28,PendingUsers
FN:40,fetchPendingUsersData
FN:67,handleRefresh
FN:78,handleApproveUser
FN:108,handleRejectUser
FN:137,handleRoleChange
FN:144,startEditing
FN:153,cancelEditing
FN:158,saveEditing
FN:196,getInitials
FN:266,onChange
FN:301,onChange
FN:314,onChange
FN:332,onChange
FN:345,onChange
FN:359,onChange
FN:383,onClick
FN:398,onClick
FN:408,onClick
FN:420,onClick
FNF:20
FNH:15
FNDA:47,PendingUsers
FNDA:13,fetchPendingUsersData
FNDA:0,handleRefresh
FNDA:2,handleApproveUser
FNDA:1,handleRejectUser
FNDA:1,handleRoleChange
FNDA:3,startEditing
FNDA:1,cancelEditing
FNDA:1,saveEditing
FNDA:30,getInitials
FNDA:9,onChange
FNDA:0,onChange
FNDA:0,onChange
FNDA:0,onChange
FNDA:0,onChange
FNDA:1,onChange
FNDA:1,onClick
FNDA:3,onClick
FNDA:1,onClick
FNDA:2,onClick
DA:1,1
DA:28,47
DA:29,47
DA:30,47
DA:31,47
DA:32,47
DA:33,47
DA:34,47
DA:35,47
DA:36,47
DA:37,47
DA:38,47
DA:40,47
DA:41,13
DA:42,13
DA:44,13
DA:45,1
DA:46,1
DA:47,1
DA:49,13
DA:50,13
DA:52,13
DA:53,13
DA:54,11
DA:55,13
DA:56,13
DA:57,13
DA:58,0
DA:59,13
DA:60,12
DA:61,12
DA:62,13
DA:64,47
DA:65,13
DA:67,13
DA:68,0
DA:69,0
DA:71,13
DA:73,13
DA:74,13
DA:75,13
DA:76,47
DA:78,47
DA:79,2
DA:81,2
DA:82,2
DA:83,2
DA:85,2
DA:86,0
DA:87,0
DA:88,0
DA:91,2
DA:92,2
DA:93,2
DA:94,2
DA:95,2
DA:96,2
DA:97,2
DA:98,0
DA:99,2
DA:100,2
DA:101,2
DA:102,2
DA:103,2
DA:104,2
DA:105,2
DA:106,2
DA:108,47
DA:109,1
DA:111,1
DA:112,1
DA:114,1
DA:115,0
DA:116,0
DA:117,0
DA:120,1
DA:121,1
DA:122,1
DA:123,1
DA:124,1
DA:125,1
DA:126,1
DA:127,0
DA:128,1
DA:129,1
DA:130,1
DA:131,1
DA:132,1
DA:133,1
DA:134,1
DA:135,1
DA:137,47
DA:138,1
DA:139,1
DA:140,1
DA:141,1
DA:142,1
DA:144,47
DA:145,3
DA:146,3
DA:147,3
DA:148,3
DA:149,3
DA:150,3
DA:151,3
DA:153,47
DA:154,1
DA:155,1
DA:156,1
DA:158,47
DA:159,1
DA:161,1
DA:162,1
DA:164,1
DA:165,0
DA:166,0
DA:167,0
DA:170,1
DA:171,1
DA:172,1
DA:173,1
DA:174,1
DA:175,1
DA:176,1
DA:177,1
DA:178,1
DA:179,0
DA:180,1
DA:181,1
DA:183,1
DA:184,1
DA:185,1
DA:186,0
DA:187,1
DA:188,1
DA:189,1
DA:190,1
DA:191,1
DA:192,1
DA:193,1
DA:194,1
DA:196,47
DA:197,30
DA:198,30
DA:199,30
DA:200,30
DA:201,30
DA:202,30
DA:203,30
DA:204,0
DA:205,30
DA:207,47
DA:208,13
DA:209,13
DA:210,13
DA:211,13
DA:212,13
DA:213,13
DA:214,13
DA:215,13
DA:216,13
DA:217,13
DA:218,13
DA:219,13
DA:220,13
DA:221,13
DA:222,13
DA:224,13
DA:226,34
DA:227,34
DA:228,34
DA:229,34
DA:230,34
DA:231,34
DA:232,34
DA:233,34
DA:234,34
DA:235,34
DA:236,34
DA:237,34
DA:238,34
DA:239,34
DA:240,34
DA:241,5
DA:242,5
DA:243,5
DA:245,29
DA:246,29
DA:247,30
DA:248,30
DA:249,30
DA:250,30
DA:251,30
DA:252,30
DA:254,30
DA:255,30
DA:256,30
DA:257,30
DA:258,30
DA:259,30
DA:260,30
DA:262,30
DA:263,30
DA:264,13
DA:265,13
DA:266,13
DA:267,13
DA:268,13
DA:269,13
DA:271,17
DA:272,17
DA:273,17
DA:275,30
DA:276,30
DA:277,30
DA:278,30
DA:279,30
DA:280,30
DA:281,30
DA:282,30
DA:283,30
DA:284,30
DA:285,1
DA:286,1
DA:287,1
DA:288,1
DA:290,30
DA:291,29
DA:292,29
DA:293,29
DA:294,29
DA:296,30
DA:297,30
DA:298,30
DA:299,13
DA:300,13
DA:301,13
DA:302,13
DA:303,13
DA:304,13
DA:306,17
DA:308,30
DA:309,30
DA:310,30
DA:311,30
DA:312,13
DA:313,13
DA:314,13
DA:315,13
DA:316,13
DA:317,13
DA:319,17
DA:321,30
DA:322,30
DA:323,30
DA:324,30
DA:326,30
DA:327,30
DA:328,30
DA:329,30
DA:330,13
DA:331,13
DA:332,13
DA:333,13
DA:334,13
DA:335,13
DA:337,17
DA:339,30
DA:340,30
DA:341,30
DA:342,30
DA:343,13
DA:344,13
DA:345,13
DA:346,13
DA:347,13
DA:348,13
DA:350,17
DA:352,30
DA:353,30
DA:355,30
DA:356,30
DA:357,30
DA:358,30
DA:359,30
DA:360,30
DA:361,30
DA:363,30
DA:364,30
DA:365,30
DA:366,30
DA:367,30
DA:369,30
DA:370,30
DA:371,13
DA:372,13
DA:373,13
DA:374,13
DA:375,13
DA:376,13
DA:377,13
DA:379,13
DA:380,13
DA:381,13
DA:382,13
DA:383,13
DA:384,13
DA:385,13
DA:387,13
DA:388,1
DA:390,12
DA:392,13
DA:393,13
DA:395,17
DA:396,17
DA:397,17
DA:398,17
DA:399,17
DA:400,17
DA:402,17
DA:403,17
DA:405,30
DA:406,30
DA:407,30
DA:408,30
DA:409,30
DA:410,30
DA:412,30
DA:413,4
DA:415,26
DA:417,30
DA:418,30
DA:419,30
DA:420,30
DA:421,30
DA:422,30
DA:424,30
DA:425,4
DA:427,26
DA:429,30
DA:430,30
DA:431,30
DA:433,29
DA:434,29
DA:436,47
DA:437,47
DA:439,47
LF:347
LH:330
BRDA:28,0,0,47
BRDA:207,1,0,13
BRDA:224,2,0,34
BRDA:240,3,0,5
BRDA:243,4,0,29
BRDA:40,5,0,13
BRDA:42,6,0,12
BRDA:44,7,0,1
BRDA:47,8,0,11
BRDA:49,9,0,0
BRDA:57,10,0,0
BRDA:59,11,0,11
BRDA:59,12,0,12
BRDA:53,13,0,11
BRDA:64,14,0,13
BRDA:73,15,0,13
BRDA:78,16,0,2
BRDA:82,17,0,0
BRDA:85,18,0,0
BRDA:97,19,0,0
BRDA:79,20,0,2
BRDA:91,21,0,2
BRDA:91,22,0,2
BRDA:92,23,0,2
BRDA:100,24,0,2
BRDA:108,25,0,1
BRDA:114,26,0,0
BRDA:126,27,0,0
BRDA:109,28,0,1
BRDA:120,29,0,1
BRDA:120,30,0,1
BRDA:121,31,0,1
BRDA:129,32,0,1
BRDA:137,33,0,1
BRDA:138,34,0,1
BRDA:144,35,0,3
BRDA:147,36,0,0
BRDA:148,37,0,2
BRDA:149,38,0,2
BRDA:153,39,0,1
BRDA:158,40,0,1
BRDA:164,41,0,0
BRDA:185,42,0,0
BRDA:159,43,0,1
BRDA:170,44,0,1
BRDA:171,45,0,1
BRDA:178,46,0,0
BRDA:188,47,0,1
BRDA:196,48,0,30
BRDA:203,49,0,0
BRDA:200,50,0,60
BRDA:246,51,0,30
BRDA:256,52,0,0
BRDA:263,53,0,13
BRDA:269,54,0,17
BRDA:272,55,0,0
BRDA:284,56,0,1
BRDA:284,57,0,1
BRDA:290,58,0,29
BRDA:298,59,0,13
BRDA:304,60,0,17
BRDA:306,61,0,15
BRDA:311,62,0,13
BRDA:317,63,0,17
BRDA:319,64,0,15
BRDA:329,65,0,13
BRDA:335,66,0,17
BRDA:337,67,0,15
BRDA:342,68,0,13
BRDA:348,69,0,17
BRDA:350,70,0,15
BRDA:358,71,0,0
BRDA:360,72,0,26
BRDA:370,73,0,13
BRDA:387,74,0,1
BRDA:388,75,0,12
BRDA:393,76,0,17
BRDA:409,77,0,26
BRDA:412,78,0,4
BRDA:413,79,0,26
BRDA:421,80,0,26
BRDA:424,81,0,4
BRDA:425,82,0,26
BRDA:266,83,0,9
BRDA:266,84,0,9
BRDA:359,85,0,1
BRDA:383,86,0,1
BRDA:398,87,0,3
BRDA:408,88,0,1
BRDA:420,89,0,2
BRF:90
BRH:75
end_of_record
TN:
SF:components/performer-management.tsx
FN:18,PerformerManagement
FN:32,fetchPerformers
FN:63,handleAdd
FN:82,handleEdit
FN:87,handleUpdate
FN:107,handleDelete
FN:127,cancelEdit
FN:160,onChange
FN:161,onKeyPress
FN:190,onChange
FN:191,onKeyPress
FN:213,onClick
FN:221,onClick
FNF:13
FNH:13
FNDA:92,PerformerManagement
FNDA:19,fetchPerformers
FNDA:4,handleAdd
FNDA:3,handleEdit
FNDA:1,handleUpdate
FNDA:2,handleDelete
FNDA:1,cancelEdit
FNDA:41,onChange
FNDA:41,onKeyPress
FNDA:13,onChange
FNDA:12,onKeyPress
FNDA:3,onClick
FNDA:2,onClick
DA:1,1
DA:18,92
DA:19,92
DA:20,92
DA:21,92
DA:22,92
DA:23,92
DA:24,92
DA:26,92
DA:28,92
DA:29,15
DA:30,92
DA:32,92
DA:33,19
DA:35,19
DA:36,19
DA:37,19
DA:42,19
DA:43,19
DA:45,19
DA:48,18
DA:49,19
DA:50,34
DA:51,34
DA:52,19
DA:54,19
DA:55,19
DA:56,1
DA:57,1
DA:58,19
DA:59,19
DA:60,19
DA:61,19
DA:63,92
DA:64,4
DA:66,3
DA:67,3
DA:69,4
DA:70,1
DA:71,1
DA:73,2
DA:74,2
DA:75,2
DA:76,4
DA:77,1
DA:78,1
DA:79,1
DA:80,4
DA:82,92
DA:83,3
DA:84,3
DA:85,3
DA:87,92
DA:88,1
DA:90,1
DA:91,1
DA:93,1
DA:94,0
DA:95,0
DA:97,1
DA:98,1
DA:99,1
DA:100,1
DA:101,1
DA:102,0
DA:103,0
DA:104,0
DA:105,1
DA:107,92
DA:108,2
DA:109,1
DA:110,1
DA:112,1
DA:113,1
DA:115,2
DA:116,0
DA:117,0
DA:119,1
DA:120,1
DA:121,2
DA:122,0
DA:123,0
DA:124,0
DA:125,2
DA:127,92
DA:128,1
DA:129,1
DA:130,1
DA:132,92
DA:133,15
DA:134,15
DA:136,77
DA:137,77
DA:138,77
DA:139,6
DA:140,6
DA:141,6
DA:142,4
DA:143,2
DA:144,6
DA:146,6
DA:147,6
DA:151,92
DA:152,92
DA:153,92
DA:154,92
DA:155,92
DA:156,92
DA:157,92
DA:158,92
DA:159,92
DA:160,92
DA:161,92
DA:162,92
DA:163,92
DA:164,92
DA:165,92
DA:167,92
DA:168,92
DA:169,92
DA:170,92
DA:173,92
DA:174,92
DA:175,92
DA:176,92
DA:177,92
DA:178,92
DA:179,2
DA:181,2
DA:183,75
DA:184,75
DA:185,150
DA:186,150
DA:187,16
DA:188,16
DA:189,16
DA:190,16
DA:191,16
DA:192,16
DA:193,16
DA:194,16
DA:196,16
DA:197,16
DA:199,16
DA:200,16
DA:202,134
DA:203,134
DA:204,134
DA:205,134
DA:206,134
DA:207,134
DA:208,134
DA:209,134
DA:210,134
DA:211,134
DA:212,134
DA:213,134
DA:214,134
DA:216,134
DA:217,134
DA:218,134
DA:219,134
DA:220,134
DA:221,134
DA:222,134
DA:224,134
DA:225,134
DA:226,134
DA:227,134
DA:229,150
DA:230,75
DA:231,75
DA:233,92
DA:234,92
DA:235,92
DA:237,92
LF:176
LH:166
BRDA:18,0,0,92
BRDA:132,1,0,15
BRDA:134,2,0,77
BRDA:138,3,0,6
BRDA:141,4,0,4
BRDA:142,5,0,2
BRDA:178,6,0,2
BRDA:181,7,0,75
BRDA:28,8,0,15
BRDA:32,9,0,19
BRDA:45,10,0,1
BRDA:45,11,0,18
BRDA:52,12,0,0
BRDA:55,13,0,1
BRDA:49,14,0,34
BRDA:51,15,0,0
BRDA:63,16,0,4
BRDA:64,17,0,1
BRDA:64,18,0,3
BRDA:69,19,0,1
BRDA:71,20,0,2
BRDA:76,21,0,1
BRDA:82,22,0,3
BRDA:87,23,0,1
BRDA:88,24,0,0
BRDA:93,25,0,0
BRDA:101,26,0,0
BRDA:107,27,0,2
BRDA:108,28,0,1
BRDA:115,29,0,0
BRDA:117,30,0,1
BRDA:121,31,0,0
BRDA:127,32,0,1
BRDA:160,33,0,41
BRDA:161,34,0,41
BRDA:161,35,0,0
BRDA:184,36,0,150
BRDA:186,37,0,16
BRDA:200,38,0,134
BRDA:206,39,0,0
BRDA:206,40,0,0
BRDA:190,41,0,13
BRDA:191,42,0,12
BRDA:191,43,0,0
BRDA:213,44,0,3
BRDA:221,45,0,2
BRF:46
BRH:35
end_of_record
TN:
SF:components/reset-password-form.tsx
FN:11,SubmitButton
FN:32,ResetPasswordForm
FN:113,onClick
FN:156,onChange
FN:162,onClick
FN:180,onChange
FN:186,onClick
FNF:7
FNH:4
FNDA:6,SubmitButton
FNDA:19,ResetPasswordForm
FNDA:0,onClick
FNDA:1,onChange
FNDA:1,onClick
FNDA:0,onChange
FNDA:0,onClick
DA:1,1
DA:11,6
DA:12,6
DA:14,6
DA:15,6
DA:16,6
DA:17,6
DA:18,6
DA:20,6
DA:21,0
DA:22,0
DA:24,0
DA:26,6
DA:28,6
DA:30,6
DA:32,19
DA:33,19
DA:34,19
DA:35,19
DA:36,19
DA:37,19
DA:38,19
DA:39,19
DA:40,19
DA:42,19
DA:43,19
DA:45,19
DA:46,11
DA:49,11
DA:50,11
DA:51,8
DA:52,8
DA:53,8
DA:54,8
DA:55,11
DA:58,11
DA:59,11
DA:60,11
DA:61,0
DA:62,0
DA:63,0
DA:64,0
DA:65,0
DA:66,0
DA:67,0
DA:68,0
DA:69,0
DA:70,0
DA:71,0
DA:72,11
DA:75,11
DA:76,2
DA:77,2
DA:78,2
DA:79,2
DA:80,11
DA:82,11
DA:83,11
DA:84,11
DA:85,11
DA:86,19
DA:88,19
DA:89,7
DA:90,7
DA:91,7
DA:92,7
DA:93,7
DA:94,7
DA:95,7
DA:97,7
DA:99,19
DA:100,2
DA:101,2
DA:102,2
DA:103,2
DA:104,2
DA:105,2
DA:106,2
DA:107,2
DA:108,2
DA:109,2
DA:110,2
DA:111,2
DA:112,2
DA:113,2
DA:114,2
DA:115,2
DA:117,2
DA:118,2
DA:119,2
DA:121,2
DA:123,10
DA:124,10
DA:125,10
DA:126,10
DA:127,10
DA:128,10
DA:130,10
DA:131,10
DA:132,10
DA:133,10
DA:134,10
DA:136,10
DA:137,10
DA:138,19
DA:139,0
DA:140,0
DA:141,0
DA:142,0
DA:145,19
DA:146,19
DA:147,19
DA:149,19
DA:150,19
DA:151,19
DA:152,19
DA:153,19
DA:154,19
DA:155,19
DA:156,19
DA:157,19
DA:158,19
DA:159,19
DA:160,19
DA:161,19
DA:162,19
DA:163,19
DA:165,19
DA:166,19
DA:167,19
DA:168,19
DA:170,19
DA:171,19
DA:173,19
DA:174,19
DA:175,19
DA:176,19
DA:177,19
DA:178,19
DA:179,19
DA:180,19
DA:181,19
DA:182,19
DA:183,19
DA:184,19
DA:185,19
DA:186,19
DA:187,19
DA:189,19
DA:190,19
DA:191,19
DA:192,19
DA:193,19
DA:195,19
DA:196,19
DA:197,19
DA:198,2
DA:200,8
DA:202,19
DA:203,19
DA:204,19
DA:205,19
DA:206,0
DA:208,10
DA:210,19
DA:211,19
DA:212,19
DA:214,19
DA:215,19
DA:216,19
DA:217,19
DA:219,19
LF:172
LH:153
BRDA:11,0,0,6
BRDA:20,1,0,0
BRDA:32,2,0,19
BRDA:43,3,0,17
BRDA:88,4,0,7
BRDA:97,5,0,12
BRDA:99,6,0,10
BRDA:99,7,0,2
BRDA:108,8,0,0
BRDA:121,9,0,10
BRDA:138,10,0,0
BRDA:138,11,0,0
BRDA:154,12,0,2
BRDA:154,13,0,8
BRDA:165,14,0,2
BRDA:165,15,0,8
BRDA:178,16,0,0
BRDA:178,17,0,10
BRDA:189,18,0,0
BRDA:189,19,0,10
BRDA:197,20,0,2
BRDA:198,21,0,8
BRDA:202,22,0,2
BRDA:202,23,0,8
BRDA:205,24,0,0
BRDA:206,25,0,10
BRDA:210,26,0,0
BRDA:210,27,0,10
BRDA:45,28,0,11
BRDA:49,29,0,11
BRDA:50,30,0,8
BRDA:75,31,0,2
BRDA:82,32,0,11
BRDA:156,33,0,1
BRDA:162,34,0,1
BRF:35
BRH:27
end_of_record
TN:
SF:components/send-message-form.tsx
FN:17,SendMessageForm
FN:25,handleSubmit
FN:81,onChange
FNF:3
FNH:3
FNDA:27,SendMessageForm
FNDA:5,handleSubmit
FNDA:6,onChange
DA:1,1
DA:17,27
DA:18,27
DA:19,27
DA:20,27
DA:21,27
DA:22,27
DA:23,27
DA:25,27
DA:26,5
DA:28,5
DA:29,1
DA:30,1
DA:31,1
DA:33,4
DA:34,4
DA:36,4
DA:37,4
DA:38,4
DA:39,4
DA:40,4
DA:41,4
DA:43,5
DA:44,1
DA:45,1
DA:47,3
DA:48,3
DA:49,3
DA:50,3
DA:51,3
DA:52,5
DA:53,1
DA:54,1
DA:55,5
DA:56,4
DA:57,4
DA:58,5
DA:60,27
DA:61,27
DA:62,27
DA:63,27
DA:64,27
DA:65,27
DA:66,27
DA:67,27
DA:69,27
DA:70,27
DA:72,27
DA:73,27
DA:74,27
DA:75,27
DA:77,27
DA:78,27
DA:79,27
DA:80,27
DA:81,27
DA:82,27
DA:83,27
DA:84,27
DA:85,27
DA:86,27
DA:87,27
DA:88,27
DA:89,27
DA:90,27
DA:91,27
DA:93,27
DA:94,5
DA:95,5
DA:96,5
DA:97,3
DA:98,2
DA:99,5
DA:101,5
DA:102,5
DA:105,27
DA:106,27
DA:107,27
DA:108,27
DA:110,27
DA:111,4
DA:112,4
DA:114,4
DA:116,23
DA:117,23
DA:119,23
DA:121,27
DA:122,27
DA:123,27
DA:124,27
DA:126,27
LF:91
LH:91
BRDA:17,0,0,27
BRDA:88,1,0,1
BRDA:93,2,0,5
BRDA:96,3,0,3
BRDA:97,4,0,2
BRDA:107,5,0,23
BRDA:110,6,0,4
BRDA:114,7,0,23
BRDA:25,8,0,5
BRDA:28,9,0,1
BRDA:31,10,0,4
BRDA:43,11,0,1
BRDA:45,12,0,3
BRDA:52,13,0,1
BRDA:55,14,0,4
BRDA:81,15,0,6
BRF:16
BRH:16
end_of_record
TN:
SF:components/session-timeout-warning.tsx
FN:20,SessionTimeoutWarning
FN:54,refreshSession
FN:99,formatTime
FN:106,onOpenChange
FNF:4
FNH:3
FNDA:17,SessionTimeoutWarning
FNDA:2,refreshSession
FNDA:17,formatTime
FNDA:0,onOpenChange
DA:1,1
DA:20,17
DA:21,17
DA:22,17
DA:23,17
DA:24,17
DA:26,17
DA:27,15
DA:28,15
DA:29,15
DA:30,15
DA:32,15
DA:33,0
DA:34,0
DA:36,15
DA:37,15
DA:39,15
DA:40,15
DA:43,15
DA:44,11
DA:45,11
DA:46,15
DA:48,0
DA:49,15
DA:50,0
DA:51,0
DA:52,17
DA:54,17
DA:55,2
DA:56,2
DA:57,2
DA:59,2
DA:60,0
DA:61,2
DA:62,2
DA:63,2
DA:64,2
DA:65,2
DA:66,0
DA:67,2
DA:68,2
DA:69,2
DA:70,2
DA:72,17
DA:73,16
DA:76,15
DA:79,15
DA:81,15
DA:82,17
DA:84,17
DA:85,13
DA:86,5
DA:87,0
DA:88,0
DA:89,0
DA:90,0
DA:91,0
DA:92,0
DA:93,5
DA:95,5
DA:96,5
DA:97,17
DA:99,17
DA:100,17
DA:101,17
DA:102,17
DA:103,17
DA:105,17
DA:106,17
DA:107,17
DA:108,17
DA:109,17
DA:110,17
DA:112,17
DA:113,17
DA:114,17
DA:116,17
DA:117,17
DA:118,17
DA:119,17
DA:120,17
DA:121,17
DA:122,17
DA:124,17
DA:125,2
DA:126,2
DA:128,2
DA:130,15
DA:132,17
DA:133,17
DA:134,17
DA:135,17
DA:137,17
LF:93
LH:80
BRDA:20,0,0,17
BRDA:124,1,0,2
BRDA:128,2,0,15
BRDA:26,3,0,15
BRDA:32,4,0,0
BRDA:37,5,0,0
BRDA:43,6,0,11
BRDA:43,7,0,11
BRDA:46,8,0,4
BRDA:46,9,0,0
BRDA:49,10,0,0
BRDA:54,11,0,2
BRDA:59,12,0,0
BRDA:65,13,0,0
BRDA:72,14,0,16
BRDA:73,15,0,1
BRDA:73,16,0,15
BRDA:81,17,0,15
BRDA:84,18,0,13
BRDA:85,19,0,5
BRDA:85,20,0,5
BRDA:95,21,0,5
BRDA:99,22,0,17
BRF:23
BRH:17
end_of_record
TN:
SF:components/sign-up-form.tsx
FN:15,SubmitButton
FN:36,SignUpForm
FN:76,handleInputChange
FN:84,handleLegalAgreementChange
FN:92,handleFormAction
FN:234,onClick
FNF:6
FNH:5
FNDA:23,SubmitButton
FNDA:23,SignUpForm
FNDA:5,handleInputChange
FNDA:4,handleLegalAgreementChange
FNDA:0,handleFormAction
FNDA:2,onClick
DA:1,1
DA:15,23
DA:16,23
DA:18,23
DA:19,23
DA:20,23
DA:21,23
DA:22,23
DA:24,23
DA:25,0
DA:26,0
DA:28,0
DA:30,23
DA:32,23
DA:34,23
DA:36,23
DA:37,23
DA:38,23
DA:39,23
DA:40,23
DA:42,23
DA:43,23
DA:44,23
DA:45,23
DA:46,23
DA:47,23
DA:48,23
DA:50,23
DA:51,23
DA:52,23
DA:53,23
DA:55,23
DA:57,23
DA:58,23
DA:59,0
DA:60,0
DA:61,0
DA:63,0
DA:64,0
DA:65,23
DA:67,23
DA:68,12
DA:69,0
DA:70,0
DA:71,0
DA:72,0
DA:73,0
DA:74,23
DA:76,23
DA:77,5
DA:78,5
DA:79,5
DA:80,5
DA:81,5
DA:82,5
DA:84,23
DA:85,4
DA:86,4
DA:87,4
DA:88,4
DA:89,4
DA:90,4
DA:92,23
DA:94,0
DA:95,0
DA:96,0
DA:98,0
DA:99,0
DA:100,0
DA:102,0
DA:103,0
DA:106,0
DA:107,0
DA:108,0
DA:109,0
DA:110,0
DA:111,0
DA:112,0
DA:113,0
DA:116,0
DA:117,0
DA:119,23
DA:121,23
DA:122,23
DA:123,23
DA:124,23
DA:125,23
DA:126,23
DA:127,23
DA:128,23
DA:129,23
DA:130,23
DA:131,23
DA:132,0
DA:133,23
DA:134,23
DA:135,23
DA:137,23
DA:138,23
DA:139,23
DA:140,0
DA:141,0
DA:142,0
DA:145,23
DA:146,0
DA:147,0
DA:148,0
DA:151,23
DA:152,23
DA:153,23
DA:154,23
DA:156,23
DA:157,23
DA:158,23
DA:159,23
DA:160,23
DA:161,23
DA:162,23
DA:163,23
DA:164,23
DA:165,23
DA:166,23
DA:167,23
DA:168,23
DA:169,23
DA:171,23
DA:172,23
DA:173,23
DA:174,23
DA:175,23
DA:176,23
DA:177,23
DA:178,23
DA:179,23
DA:180,23
DA:181,23
DA:182,23
DA:183,23
DA:185,23
DA:186,23
DA:187,23
DA:189,23
DA:190,23
DA:191,23
DA:192,23
DA:193,23
DA:194,23
DA:195,23
DA:196,23
DA:197,23
DA:198,23
DA:199,23
DA:200,23
DA:201,23
DA:202,23
DA:204,23
DA:205,23
DA:206,23
DA:207,23
DA:208,23
DA:209,23
DA:210,23
DA:211,23
DA:212,23
DA:213,23
DA:214,23
DA:215,23
DA:216,23
DA:218,23
DA:219,23
DA:221,23
DA:222,23
DA:223,23
DA:224,23
DA:225,23
DA:226,23
DA:227,23
DA:228,23
DA:229,23
DA:230,23
DA:231,23
DA:232,23
DA:233,23
DA:234,23
DA:235,23
DA:237,23
DA:238,23
DA:239,23
DA:240,23
DA:242,23
DA:243,23
DA:244,23
DA:246,23
DA:247,23
DA:248,23
DA:249,23
DA:250,23
DA:251,23
DA:252,23
DA:253,23
DA:254,23
DA:255,23
DA:256,23
DA:257,23
DA:258,23
DA:259,23
DA:260,23
DA:262,23
DA:263,23
DA:264,23
DA:266,23
DA:267,23
DA:268,23
DA:269,23
DA:270,23
DA:271,23
DA:272,23
DA:273,23
DA:274,23
DA:275,23
DA:276,23
DA:277,23
DA:278,23
DA:280,23
DA:281,23
DA:282,23
DA:283,23
DA:285,23
DA:286,21
DA:288,21
DA:290,23
DA:292,23
DA:293,23
DA:294,23
DA:296,23
DA:298,23
DA:299,23
DA:300,23
DA:302,23
DA:303,23
DA:304,23
DA:305,23
DA:306,23
DA:308,23
LF:244
LH:206
BRDA:15,0,0,23
BRDA:24,1,0,0
BRDA:36,2,0,23
BRDA:65,3,0,0
BRDA:74,4,0,0
BRDA:119,5,0,4
BRDA:128,6,0,0
BRDA:131,7,0,0
BRDA:139,8,0,0
BRDA:139,9,0,0
BRDA:145,10,0,0
BRDA:145,11,0,0
BRDA:226,12,0,1
BRDA:226,13,0,22
BRDA:237,14,0,1
BRDA:237,15,0,22
BRDA:285,16,0,21
BRDA:57,17,0,23
BRDA:58,18,0,0
BRDA:58,19,0,0
BRDA:67,20,0,12
BRDA:68,21,0,0
BRDA:68,22,0,0
BRDA:76,23,0,5
BRDA:78,24,0,5
BRDA:84,25,0,4
BRDA:86,26,0,4
BRDA:234,27,0,2
BRF:28
BRH:15
end_of_record
TN:
SF:components/sort-control.tsx
FN:12,SortControl
FN:13,handleSortByChange
FN:17,handleSortOrderToggle
FNF:3
FNH:2
FNDA:8,SortControl
FNDA:0,handleSortByChange
FNDA:2,handleSortOrderToggle
DA:1,1
DA:12,8
DA:13,8
DA:14,0
DA:15,0
DA:17,8
DA:18,2
DA:19,2
DA:20,2
DA:22,8
DA:23,8
DA:24,8
DA:25,8
DA:26,8
DA:27,8
DA:28,8
DA:29,8
DA:30,8
DA:32,8
DA:33,8
DA:35,8
DA:36,8
DA:38,8
DA:39,8
DA:41,8
DA:42,8
DA:44,8
DA:45,8
DA:47,8
DA:48,8
DA:50,8
DA:51,8
DA:52,8
DA:53,8
DA:54,8
DA:55,8
DA:56,8
DA:58,8
DA:59,8
DA:60,8
DA:61,8
DA:62,8
DA:64,8
LF:43
LH:41
BRDA:12,0,0,8
BRDA:56,1,0,6
BRDA:56,2,0,2
BRDA:59,3,0,2
BRDA:59,4,0,6
BRDA:17,5,0,2
BRDA:18,6,0,1
BRDA:18,7,0,1
BRF:8
BRH:8
end_of_record
TN:
SF:components/student-management.tsx
FN:72,StudentManagement
FN:224,reconstructURL
FN:258,handleRoleChange
FN:263,handleSchoolChange
FN:268,handleBeltChange
FN:273,handleSortChange
FN:295,fetchStudents
FN:313,fetchCurriculums
FN:331,deleteUser
FN:361,updateUserRole
FN:384,updateUserBelt
FN:429,startEditing
FN:439,cancelEditing
FN:449,saveEditing
FN:501,getInitials
FN:536,onClick
FN:546,onClose
FN:562,onChange
FN:567,onClick
FN:622,onClick
FN:694,onChange
FN:740,onChange
FN:755,onChange
FN:800,onChange
FN:813,onChange
FN:863,onClick
FN:875,onClick
FN:899,onClose
FNF:28
FNH:17
FNDA:125,StudentManagement
FNDA:3,reconstructURL
FNDA:0,handleRoleChange
FNDA:0,handleSchoolChange
FNDA:0,handleBeltChange
FNDA:0,handleSortChange
FNDA:20,fetchStudents
FNDA:20,fetchCurriculums
FNDA:2,deleteUser
FNDA:1,updateUserRole
FNDA:1,updateUserBelt
FNDA:3,startEditing
FNDA:1,cancelEditing
FNDA:1,saveEditing
FNDA:124,getInitials
FNDA:0,onClick
FNDA:0,onClose
FNDA:15,onChange
FNDA:0,onClick
FNDA:0,onClick
FNDA:11,onChange
FNDA:0,onChange
FNDA:0,onChange
FNDA:1,onChange
FNDA:1,onChange
FNDA:3,onClick
FNDA:2,onClick
FNDA:0,onClose
DA:1,1
DA:72,125
DA:73,125
DA:74,125
DA:75,125
DA:77,125
DA:78,125
DA:80,125
DA:81,20
DA:82,20
DA:83,20
DA:84,20
DA:85,20
DA:86,20
DA:87,20
DA:88,125
DA:90,125
DA:91,125
DA:92,125
DA:93,125
DA:94,125
DA:95,125
DA:97,125
DA:98,125
DA:103,125
DA:104,125
DA:105,125
DA:106,125
DA:107,125
DA:108,125
DA:110,125
DA:111,125
DA:112,125
DA:113,125
DA:114,125
DA:115,125
DA:117,125
DA:119,125
DA:120,43
DA:122,21
DA:123,21
DA:124,21
DA:126,21
DA:127,41
DA:128,41
DA:129,41
DA:130,41
DA:131,41
DA:132,41
DA:133,41
DA:134,20
DA:135,20
DA:136,21
DA:138,21
DA:139,21
DA:140,21
DA:141,21
DA:142,21
DA:143,125
DA:145,125
DA:146,45
DA:149,45
DA:150,2
DA:151,2
DA:152,4
DA:153,3
DA:154,3
DA:155,3
DA:156,3
DA:157,2
DA:158,2
DA:161,45
DA:162,0
DA:163,0
DA:166,45
DA:167,0
DA:168,0
DA:171,45
DA:172,0
DA:173,0
DA:176,45
DA:177,20
DA:178,20
DA:179,20
DA:180,20
DA:181,20
DA:182,20
DA:183,20
DA:184,20
DA:185,20
DA:186,0
DA:187,0
DA:188,20
DA:189,0
DA:190,0
DA:191,0
DA:192,0
DA:193,0
DA:194,20
DA:195,0
DA:196,0
DA:197,20
DA:198,0
DA:199,0
DA:200,0
DA:201,0
DA:202,0
DA:203,20
DA:204,0
DA:205,0
DA:206,20
DA:208,20
DA:209,0
DA:210,0
DA:211,0
DA:212,0
DA:214,20
DA:215,45
DA:217,45
DA:218,125
DA:220,125
DA:221,45
DA:222,125
DA:224,125
DA:225,3
DA:226,3
DA:227,3
DA:228,3
DA:229,3
DA:230,3
DA:231,3
DA:232,3
DA:234,3
DA:235,0
DA:236,0
DA:238,3
DA:239,0
DA:240,0
DA:242,3
DA:243,2
DA:244,2
DA:246,3
DA:247,0
DA:248,0
DA:250,3
DA:251,3
DA:253,3
DA:254,3
DA:255,3
DA:256,3
DA:258,125
DA:259,0
DA:260,0
DA:261,0
DA:263,125
DA:264,0
DA:265,0
DA:266,0
DA:268,125
DA:269,0
DA:270,0
DA:271,0
DA:273,125
DA:274,0
DA:275,0
DA:277,0
DA:278,0
DA:279,0
DA:281,125
DA:282,35
DA:283,3
DA:284,3
DA:285,35
DA:287,35
DA:288,125
DA:290,125
DA:291,20
DA:292,20
DA:293,125
DA:295,125
DA:296,20
DA:297,20
DA:299,20
DA:300,1
DA:301,1
DA:302,20
DA:303,18
DA:304,18
DA:305,20
DA:306,0
DA:307,0
DA:308,20
DA:309,19
DA:310,19
DA:311,20
DA:313,125
DA:314,20
DA:315,20
DA:316,20
DA:317,20
DA:319,20
DA:320,20
DA:321,20
DA:322,20
DA:324,20
DA:325,0
DA:326,20
DA:327,20
DA:328,20
DA:329,20
DA:331,125
DA:332,2
DA:333,2
DA:334,2
DA:336,2
DA:338,1
DA:340,1
DA:341,1
DA:343,2
DA:344,0
DA:345,0
DA:347,1
DA:348,1
DA:349,2
DA:350,0
DA:351,0
DA:352,2
DA:353,1
DA:354,1
DA:355,1
DA:356,1
DA:357,1
DA:358,1
DA:359,2
DA:361,125
DA:362,1
DA:364,1
DA:365,1
DA:366,1
DA:368,1
DA:370,1
DA:371,1
DA:372,1
DA:373,0
DA:374,0
DA:375,1
DA:376,1
DA:377,1
DA:378,1
DA:379,1
DA:380,1
DA:381,1
DA:382,1
DA:384,125
DA:385,1
DA:387,1
DA:388,1
DA:389,1
DA:390,1
DA:391,1
DA:392,1
DA:394,1
DA:397,1
DA:398,1
DA:399,1
DA:400,1
DA:401,1
DA:403,1
DA:405,1
DA:406,1
DA:407,2
DA:408,1
DA:409,1
DA:410,1
DA:411,1
DA:412,1
DA:413,1
DA:414,1
DA:415,1
DA:416,1
DA:417,1
DA:418,0
DA:419,0
DA:420,1
DA:421,1
DA:422,1
DA:423,1
DA:424,1
DA:425,1
DA:426,1
DA:427,1
DA:429,125
DA:430,3
DA:431,3
DA:432,3
DA:433,3
DA:434,3
DA:435,3
DA:436,3
DA:437,3
DA:439,125
DA:440,1
DA:441,1
DA:442,1
DA:443,1
DA:444,1
DA:445,1
DA:446,1
DA:447,1
DA:449,125
DA:450,1
DA:452,1
DA:454,1
DA:455,1
DA:456,1
DA:457,1
DA:458,1
DA:459,1
DA:460,1
DA:461,1
DA:463,1
DA:464,0
DA:465,0
DA:467,1
DA:468,1
DA:469,2
DA:470,1
DA:471,1
DA:472,1
DA:473,1
DA:474,1
DA:475,1
DA:476,1
DA:477,1
DA:478,1
DA:479,1
DA:481,1
DA:482,1
DA:483,1
DA:484,1
DA:485,1
DA:486,1
DA:487,1
DA:488,1
DA:489,1
DA:490,0
DA:491,0
DA:492,1
DA:493,1
DA:494,1
DA:495,1
DA:496,1
DA:497,1
DA:498,1
DA:499,1
DA:501,125
DA:502,124
DA:503,124
DA:504,124
DA:505,124
DA:506,124
DA:507,124
DA:508,124
DA:509,0
DA:510,124
DA:512,125
DA:513,40
DA:514,40
DA:515,40
DA:516,40
DA:517,40
DA:518,40
DA:519,40
DA:520,40
DA:521,40
DA:523,40
DA:525,125
DA:526,4
DA:527,4
DA:528,4
DA:529,4
DA:530,4
DA:531,4
DA:532,4
DA:533,4
DA:534,4
DA:535,4
DA:536,4
DA:537,4
DA:538,4
DA:540,4
DA:542,4
DA:543,4
DA:544,4
DA:545,4
DA:546,4
DA:547,4
DA:549,4
DA:551,81
DA:552,81
DA:553,81
DA:554,81
DA:555,81
DA:556,81
DA:557,81
DA:558,81
DA:559,81
DA:560,81
DA:561,81
DA:562,81
DA:563,81
DA:564,81
DA:565,81
DA:566,81
DA:567,81
DA:568,81
DA:569,81
DA:571,81
DA:573,81
DA:574,81
DA:575,81
DA:577,81
DA:578,81
DA:579,81
DA:580,81
DA:581,81
DA:582,81
DA:583,81
DA:584,81
DA:585,81
DA:587,81
DA:589,81
DA:590,81
DA:591,81
DA:592,0
DA:594,0
DA:595,0
DA:596,0
DA:597,0
DA:598,0
DA:600,0
DA:602,125
DA:603,125
DA:604,125
DA:605,125
DA:606,125
DA:607,125
DA:608,125
DA:609,125
DA:610,125
DA:611,125
DA:612,125
DA:613,125
DA:614,125
DA:615,125
DA:616,125
DA:617,125
DA:618,125
DA:619,125
DA:620,125
DA:621,125
DA:622,125
DA:623,125
DA:624,125
DA:626,125
DA:627,125
DA:628,125
DA:629,125
DA:630,125
DA:632,125
DA:633,125
DA:634,125
DA:635,125
DA:636,125
DA:637,125
DA:638,125
DA:639,125
DA:640,125
DA:641,125
DA:642,125
DA:643,125
DA:644,125
DA:645,125
DA:646,125
DA:647,125
DA:648,125
DA:649,125
DA:650,125
DA:652,125
DA:653,125
DA:654,125
DA:655,125
DA:656,125
DA:657,125
DA:658,125
DA:659,124
DA:660,124
DA:662,124
DA:663,124
DA:664,0
DA:665,124
DA:666,64
DA:667,124
DA:668,0
DA:669,60
DA:670,60
DA:671,60
DA:673,124
DA:674,124
DA:675,124
DA:676,124
DA:678,124
DA:679,124
DA:680,124
DA:681,124
DA:682,124
DA:683,124
DA:684,124
DA:685,124
DA:686,124
DA:687,124
DA:689,124
DA:690,124
DA:691,124
DA:692,16
DA:693,16
DA:694,16
DA:695,16
DA:696,16
DA:697,16
DA:699,108
DA:701,124
DA:702,124
DA:703,124
DA:705,124
DA:706,124
DA:707,124
DA:708,124
DA:710,124
DA:711,124
DA:712,124
DA:713,124
DA:714,124
DA:715,124
DA:717,124
DA:718,124
DA:719,124
DA:720,124
DA:722,124
DA:723,124
DA:724,124
DA:725,124
DA:726,124
DA:727,124
DA:728,124
DA:730,124
DA:731,124
DA:732,124
DA:733,124
DA:734,124
DA:735,124
DA:736,124
DA:737,124
DA:738,16
DA:739,16
DA:740,16
DA:741,16
DA:742,16
DA:743,16
DA:745,108
DA:746,108
DA:747,108
DA:748,108
DA:750,124
DA:751,124
DA:752,124
DA:753,16
DA:754,16
DA:755,16
DA:756,16
DA:757,16
DA:758,16
DA:760,108
DA:761,108
DA:762,108
DA:763,108
DA:765,124
DA:766,124
DA:768,124
DA:769,124
DA:770,124
DA:771,124
DA:772,124
DA:773,124
DA:774,61
DA:775,61
DA:776,61
DA:777,61
DA:779,124
DA:780,61
DA:781,61
DA:782,61
DA:783,61
DA:785,124
DA:786,63
DA:787,63
DA:788,63
DA:789,63
DA:791,124
DA:792,124
DA:793,124
DA:795,124
DA:796,124
DA:797,124
DA:798,124
DA:799,124
DA:800,124
DA:801,124
DA:802,124
DA:804,124
DA:805,124
DA:806,124
DA:807,124
DA:808,124
DA:811,124
DA:812,124
DA:813,124
DA:814,1
DA:815,0
DA:816,0
DA:817,0
DA:818,0
DA:819,1
DA:820,1
DA:821,1
DA:822,1
DA:823,124
DA:824,124
DA:826,124
DA:827,124
DA:828,248
DA:829,248
DA:830,248
DA:831,124
DA:832,124
DA:834,124
DA:835,124
DA:836,16
DA:837,16
DA:838,16
DA:839,16
DA:840,16
DA:841,16
DA:842,16
DA:844,16
DA:845,16
DA:846,16
DA:847,16
DA:848,16
DA:849,16
DA:850,16
DA:851,16
DA:852,16
DA:854,16
DA:855,16
DA:856,16
DA:858,108
DA:859,108
DA:860,108
DA:861,108
DA:862,108
DA:863,108
DA:864,108
DA:865,108
DA:866,108
DA:868,108
DA:869,108
DA:871,108
DA:872,108
DA:873,108
DA:874,108
DA:875,108
DA:876,108
DA:877,108
DA:878,108
DA:880,108
DA:881,108
DA:883,108
DA:885,124
DA:886,124
DA:887,124
DA:888,124
DA:889,124
DA:891,125
DA:892,125
DA:893,125
DA:894,18
DA:895,18
DA:896,18
DA:898,125
DA:899,125
DA:900,125
DA:902,125
LF:703
LH:628
BRDA:72,0,0,125
BRDA:512,1,0,40
BRDA:523,2,0,85
BRDA:525,3,0,4
BRDA:549,4,0,81
BRDA:589,5,0,81
BRDA:590,6,0,81
BRDA:591,7,0,0
BRDA:893,8,0,18
BRDA:893,9,0,18
BRDA:80,10,0,20
BRDA:119,11,0,43
BRDA:120,12,0,22
BRDA:120,13,0,21
BRDA:126,14,0,41
BRDA:133,15,0,20
BRDA:133,16,0,20
BRDA:139,17,0,19
BRDA:145,18,0,45
BRDA:149,19,0,2
BRDA:161,20,0,0
BRDA:166,21,0,0
BRDA:171,22,0,0
BRDA:151,23,0,4
BRDA:152,24,0,3
BRDA:153,25,0,3
BRDA:154,26,0,3
BRDA:155,27,0,3
BRDA:176,28,0,20
BRDA:180,29,0,0
BRDA:181,30,0,0
BRDA:185,31,0,0
BRDA:188,32,0,0
BRDA:194,33,0,0
BRDA:197,34,0,0
BRDA:203,35,0,0
BRDA:208,36,0,0
BRDA:208,37,0,0
BRDA:214,38,0,0
BRDA:220,39,0,45
BRDA:224,40,0,3
BRDA:234,41,0,0
BRDA:238,42,0,0
BRDA:242,43,0,2
BRDA:246,44,0,0
BRDA:254,45,0,0
BRDA:281,46,0,35
BRDA:282,47,0,3
BRDA:287,48,0,35
BRDA:290,49,0,20
BRDA:295,50,0,20
BRDA:297,51,0,19
BRDA:299,52,0,1
BRDA:302,53,0,18
BRDA:305,54,0,0
BRDA:308,55,0,19
BRDA:313,56,0,20
BRDA:324,57,0,0
BRDA:327,58,0,0
BRDA:331,59,0,2
BRDA:336,60,0,1
BRDA:343,61,0,0
BRDA:345,62,0,1
BRDA:349,63,0,0
BRDA:352,64,0,1
BRDA:338,65,0,1
BRDA:347,66,0,1
BRDA:347,67,0,2
BRDA:353,68,0,1
BRDA:361,69,0,1
BRDA:368,70,0,0
BRDA:372,71,0,0
BRDA:362,72,0,1
BRDA:370,73,0,1
BRDA:370,74,0,2
BRDA:370,75,0,1
BRDA:370,76,0,1
BRDA:376,77,0,1
BRDA:384,78,0,1
BRDA:391,79,0,0
BRDA:394,80,0,0
BRDA:403,81,0,0
BRDA:417,82,0,0
BRDA:385,83,0,1
BRDA:405,84,0,1
BRDA:406,85,0,2
BRDA:407,86,0,1
BRDA:411,87,0,0
BRDA:412,88,0,1
BRDA:421,89,0,1
BRDA:429,90,0,3
BRDA:432,91,0,0
BRDA:433,92,0,0
BRDA:434,93,0,0
BRDA:439,94,0,1
BRDA:449,95,0,1
BRDA:450,96,0,0
BRDA:463,97,0,0
BRDA:489,98,0,0
BRDA:452,99,0,1
BRDA:467,100,0,1
BRDA:468,101,0,2
BRDA:469,102,0,1
BRDA:476,103,0,1
BRDA:493,104,0,1
BRDA:501,105,0,124
BRDA:508,106,0,0
BRDA:505,107,0,248
BRDA:562,108,0,15
BRDA:658,109,0,124
BRDA:663,110,0,0
BRDA:665,111,0,64
BRDA:667,112,0,60
BRDA:667,113,0,0
BRDA:682,114,0,0
BRDA:691,115,0,16
BRDA:697,116,0,108
BRDA:699,117,0,0
BRDA:702,118,0,0
BRDA:707,119,0,61
BRDA:707,120,0,63
BRDA:713,121,0,0
BRDA:719,122,0,61
BRDA:719,123,0,63
BRDA:725,124,0,0
BRDA:737,125,0,16
BRDA:743,126,0,108
BRDA:747,127,0,0
BRDA:752,128,0,16
BRDA:758,129,0,108
BRDA:762,130,0,0
BRDA:773,131,0,61
BRDA:779,132,0,61
BRDA:779,133,0,61
BRDA:785,134,0,63
BRDA:785,135,0,63
BRDA:799,136,0,16
BRDA:799,137,0,108
BRDA:799,138,0,0
BRDA:801,139,0,120
BRDA:812,140,0,16
BRDA:812,141,0,0
BRDA:812,142,0,108
BRDA:812,143,0,63
BRDA:835,144,0,16
BRDA:856,145,0,108
BRDA:694,146,0,11
BRDA:800,147,0,1
BRDA:813,148,0,1
BRDA:814,149,0,0
BRDA:820,150,0,0
BRDA:827,151,0,248
BRDA:863,152,0,3
BRDA:875,153,0,2
BRF:154
BRH:104
end_of_record
TN:
SF:components/theme-provider.tsx
FN:9,ThemeProvider
FNF:1
FNH:1
FNDA:3,ThemeProvider
DA:1,1
DA:9,1
DA:10,3
DA:11,3
LF:4
LH:4
BRDA:9,0,0,3
BRF:1
BRH:1
end_of_record
TN:
SF:components/unconfirmed-email-users.tsx
FN:32,UnconfirmedEmailUsers
FN:37,fetchUnconfirmedUsersData
FN:57,handleRefresh
FN:68,getInitials
FN:79,isDatabaseCooldown
FN:85,getTimeSinceLastSend
FN:101,handleResendEmail
FN:163,isOnCooldown
FN:174,getCooldownTime
FN:307,onClick
FN:345,getBadgeClassName
FNF:11
FNH:9
FNDA:29,UnconfirmedEmailUsers
FNDA:12,fetchUnconfirmedUsersData
FNDA:0,handleRefresh
FNDA:30,getInitials
FNDA:45,isDatabaseCooldown
FNDA:30,getTimeSinceLastSend
FNDA:3,handleResendEmail
FNDA:30,isOnCooldown
FNDA:30,getCooldownTime
FNDA:3,onClick
FNDA:0,getBadgeClassName
DA:1,1
DA:32,29
DA:33,29
DA:34,29
DA:35,29
DA:37,29
DA:38,12
DA:39,12
DA:41,12
DA:42,1
DA:43,1
DA:44,1
DA:46,12
DA:47,12
DA:48,0
DA:49,12
DA:50,12
DA:51,12
DA:52,12
DA:54,29
DA:55,12
DA:57,12
DA:58,0
DA:59,0
DA:61,12
DA:63,12
DA:64,12
DA:65,12
DA:66,29
DA:68,29
DA:69,30
DA:70,15
DA:71,15
DA:72,15
DA:73,15
DA:74,15
DA:75,15
DA:76,15
DA:77,30
DA:79,29
DA:80,45
DA:81,30
DA:82,30
DA:83,45
DA:85,29
DA:86,30
DA:87,15
DA:88,15
DA:90,30
DA:91,0
DA:92,30
DA:93,0
DA:94,15
DA:95,0
DA:96,15
DA:97,15
DA:98,15
DA:99,30
DA:101,29
DA:102,3
DA:103,3
DA:104,3
DA:105,3
DA:107,3
DA:108,3
DA:110,3
DA:111,1
DA:112,1
DA:113,1
DA:114,1
DA:115,1
DA:116,1
DA:117,1
DA:118,1
DA:119,1
DA:120,1
DA:121,3
DA:122,2
DA:123,2
DA:124,2
DA:125,2
DA:126,2
DA:127,2
DA:128,2
DA:129,2
DA:130,2
DA:131,2
DA:133,2
DA:134,0
DA:135,2
DA:136,2
DA:139,3
DA:140,0
DA:141,0
DA:142,0
DA:143,0
DA:144,0
DA:145,0
DA:146,0
DA:147,0
DA:148,3
DA:149,3
DA:150,0
DA:151,0
DA:152,0
DA:153,0
DA:154,0
DA:155,0
DA:156,0
DA:157,0
DA:158,0
DA:159,0
DA:160,0
DA:161,3
DA:163,29
DA:165,30
DA:166,0
DA:167,0
DA:169,30
DA:170,30
DA:171,3
DA:172,30
DA:174,29
DA:176,30
DA:177,0
DA:178,0
DA:179,0
DA:181,30
DA:182,30
DA:183,3
DA:184,30
DA:186,29
DA:187,12
DA:188,12
DA:189,12
DA:190,12
DA:191,12
DA:192,12
DA:193,12
DA:194,12
DA:195,12
DA:196,12
DA:197,12
DA:198,12
DA:199,12
DA:200,12
DA:201,12
DA:203,12
DA:205,17
DA:206,17
DA:207,17
DA:208,17
DA:209,17
DA:210,17
DA:211,17
DA:212,17
DA:213,17
DA:214,17
DA:215,17
DA:216,17
DA:217,17
DA:218,17
DA:219,17
DA:220,2
DA:221,2
DA:222,2
DA:224,15
DA:225,15
DA:226,30
DA:227,30
DA:228,30
DA:229,30
DA:231,30
DA:232,30
DA:233,30
DA:234,30
DA:236,30
DA:237,30
DA:238,30
DA:239,30
DA:240,30
DA:241,30
DA:242,30
DA:244,30
DA:245,30
DA:246,30
DA:247,30
DA:248,30
DA:249,30
DA:250,30
DA:251,30
DA:252,30
DA:253,30
DA:254,30
DA:255,30
DA:256,30
DA:257,30
DA:258,30
DA:259,30
DA:260,30
DA:261,30
DA:262,30
DA:263,30
DA:264,30
DA:265,30
DA:266,30
DA:267,30
DA:269,30
DA:270,30
DA:271,30
DA:272,30
DA:273,30
DA:274,30
DA:275,30
DA:276,30
DA:277,30
DA:278,30
DA:280,30
DA:281,30
DA:282,30
DA:283,15
DA:284,15
DA:285,15
DA:286,15
DA:289,30
DA:290,30
DA:291,6
DA:292,6
DA:293,6
DA:294,6
DA:296,30
DA:297,0
DA:298,0
DA:299,0
DA:300,0
DA:302,24
DA:303,24
DA:304,24
DA:305,24
DA:306,24
DA:307,24
DA:308,24
DA:309,24
DA:311,24
DA:312,0
DA:313,0
DA:315,0
DA:317,24
DA:318,24
DA:320,24
DA:322,24
DA:324,24
DA:325,30
DA:327,30
DA:328,15
DA:329,15
DA:330,15
DA:331,15
DA:333,30
DA:334,30
DA:335,30
DA:337,15
DA:338,15
DA:340,29
DA:341,29
DA:343,29
DA:345,1
DA:346,0
DA:347,0
LF:269
LH:229
BRDA:32,0,0,29
BRDA:186,1,0,12
BRDA:203,2,0,17
BRDA:219,3,0,2
BRDA:222,4,0,15
BRDA:37,5,0,12
BRDA:41,6,0,1
BRDA:44,7,0,11
BRDA:46,8,0,0
BRDA:47,9,0,0
BRDA:49,10,0,11
BRDA:54,11,0,12
BRDA:63,12,0,12
BRDA:68,13,0,30
BRDA:69,14,0,15
BRDA:72,15,0,30
BRDA:79,16,0,45
BRDA:80,17,0,15
BRDA:80,18,0,30
BRDA:85,19,0,30
BRDA:86,20,0,15
[...]
DA:25,0
DA:27,0
DA:28,0
DA:29,4
DA:30,4
DA:31,4
DA:33,4
DA:34,4
DA:35,1
DA:36,1
DA:38,3
DA:39,3
DA:40,3
DA:41,3
DA:42,3
DA:44,4
DA:45,0
DA:46,0
DA:48,3
DA:50,3
DA:51,3
DA:52,3
DA:53,3
DA:54,3
DA:56,4
DA:57,0
DA:58,0
DA:59,0
DA:61,4
DA:62,1
DA:63,1
DA:65,2
DA:66,2
DA:67,2
DA:68,2
DA:69,2
DA:70,2
DA:71,2
DA:73,4
DA:74,1
DA:75,1
DA:77,1
DA:78,1
DA:79,1
DA:81,1
DA:82,1
DA:83,1
DA:84,1
DA:85,1
DA:86,1
DA:87,1
DA:89,4
DA:90,0
DA:91,0
DA:92,0
DA:94,1
DA:95,1
DA:96,1
DA:97,1
DA:98,1
DA:99,1
DA:100,1
DA:101,1
DA:102,1
DA:103,1
DA:104,1
DA:106,1
DA:107,1
DA:108,1
DA:109,1
DA:110,1
DA:112,1
DA:118,1
DA:124,1
DA:126,1
DA:127,4
DA:128,0
DA:129,0
DA:130,0
DA:131,4
DA:133,2
DA:134,2
DA:135,2
DA:136,2
DA:137,2
DA:138,2
DA:139,0
DA:140,0
DA:141,2
DA:142,0
DA:143,0
DA:144,0
DA:148,0
DA:149,0
DA:150,2
DA:151,2
DA:153,2
DA:154,2
DA:155,0
DA:156,0
DA:158,2
DA:160,2
DA:161,2
DA:162,2
DA:163,2
DA:164,2
DA:166,2
DA:167,0
DA:168,0
DA:169,0
DA:171,2
DA:172,2
DA:173,2
DA:174,2
DA:175,2
DA:177,2
DA:178,2
DA:179,2
DA:180,2
DA:181,2
DA:182,2
DA:183,2
DA:184,2
DA:185,2
DA:187,2
DA:188,0
DA:189,0
DA:190,0
DA:192,2
DA:193,2
DA:194,2
DA:195,2
DA:196,2
DA:197,2
DA:198,2
DA:199,2
DA:200,2
DA:201,2
DA:202,2
DA:203,2
DA:205,2
DA:206,2
DA:207,2
DA:208,2
DA:209,2
DA:211,2
DA:214,2
DA:220,2
DA:229,2
DA:231,2
DA:232,2
DA:233,2
DA:234,0
DA:235,0
DA:236,0
DA:237,2
DA:239,3
DA:240,3
DA:241,3
DA:242,3
DA:243,3
DA:244,3
DA:245,0
DA:246,0
DA:247,3
DA:248,0
DA:249,0
DA:250,0
DA:252,0
DA:253,0
DA:254,3
DA:255,3
DA:258,3
DA:260,3
DA:261,1
DA:262,1
DA:263,1
DA:266,2
DA:268,3
DA:269,1
DA:270,1
DA:271,1
DA:273,1
DA:274,1
DA:275,3
DA:276,0
DA:277,0
DA:278,0
DA:279,3
DA:281,3
DA:282,3
DA:283,3
DA:284,3
DA:285,3
DA:286,3
DA:287,0
DA:288,0
DA:289,3
DA:290,0
DA:291,0
DA:292,0
DA:294,0
DA:295,0
DA:296,3
DA:297,3
DA:299,3
DA:300,3
DA:301,3
DA:302,3
DA:303,3
DA:304,3
DA:305,3
DA:306,3
DA:308,3
DA:309,1
DA:310,1
DA:311,1
DA:313,2
DA:314,2
DA:315,3
DA:316,0
DA:317,0
DA:318,0
DA:319,3
DA:321,4
DA:322,4
DA:323,4
DA:324,4
DA:325,4
DA:326,4
DA:327,4
DA:328,4
DA:329,4
DA:330,4
DA:331,4
DA:332,4
DA:333,0
DA:334,0
DA:335,4
DA:336,0
DA:337,0
DA:338,0
DA:340,0
DA:341,0
DA:342,4
DA:343,4
DA:345,4
DA:346,4
DA:347,4
DA:348,4
DA:349,4
DA:351,4
DA:352,2
DA:353,2
DA:355,4
DA:357,4
DA:358,1
DA:359,1
DA:360,1
DA:362,3
DA:363,3
DA:364,3
DA:365,4
DA:366,0
DA:367,0
DA:368,0
DA:369,4
DA:371,3
DA:372,3
DA:373,3
DA:375,3
DA:376,3
DA:377,3
DA:378,3
DA:379,3
DA:381,3
DA:382,3
DA:383,3
DA:384,3
DA:385,3
DA:386,3
DA:387,3
DA:388,0
DA:389,0
DA:390,3
DA:391,0
DA:392,0
DA:393,0
DA:394,0
DA:395,3
DA:396,3
DA:397,3
DA:399,3
DA:401,3
DA:402,3
DA:403,3
DA:404,3
DA:405,3
DA:406,3
DA:407,3
DA:409,3
DA:410,3
DA:411,3
DA:412,3
DA:414,3
DA:416,3
DA:417,1
DA:418,1
DA:419,1
DA:421,2
DA:423,3
DA:424,1
DA:425,1
DA:427,3
DA:428,2
DA:429,2
DA:430,2
DA:431,2
DA:432,2
DA:433,2
DA:434,2
DA:435,2
DA:436,2
DA:437,2
DA:438,2
DA:439,2
DA:441,2
DA:442,3
DA:443,0
DA:444,0
DA:445,0
DA:446,3
DA:448,3
DA:453,3
DA:454,3
DA:456,3
DA:457,1
DA:458,1
DA:460,2
DA:461,2
DA:463,2
DA:464,2
DA:465,2
DA:466,2
DA:467,2
DA:468,2
DA:469,2
DA:471,3
DA:472,1
DA:473,1
DA:474,1
DA:476,1
DA:477,3
DA:478,0
DA:479,0
DA:480,0
DA:481,3
DA:483,6
DA:484,6
DA:485,6
DA:486,6
DA:487,6
DA:488,6
DA:489,6
DA:490,6
DA:491,6
DA:492,0
DA:493,0
DA:494,6
DA:495,0
DA:496,0
DA:497,0
DA:498,0
DA:499,6
DA:500,6
DA:501,6
DA:503,6
DA:504,6
DA:505,1
DA:506,1
DA:509,5
DA:510,5
DA:511,5
DA:512,5
DA:513,5
DA:515,5
DA:517,6
DA:518,6
DA:519,6
DA:520,6
DA:522,6
DA:523,1
DA:524,1
DA:526,4
DA:528,4
DA:530,6
DA:531,1
DA:532,1
DA:533,1
DA:535,3
DA:536,3
DA:537,3
DA:539,3
DA:540,6
DA:541,0
DA:542,0
DA:543,0
DA:544,6
DA:546,3
DA:547,3
DA:548,3
DA:550,3
DA:551,3
DA:552,3
DA:555,3
DA:556,3
DA:557,3
DA:559,3
DA:560,1
DA:561,1
DA:562,1
DA:564,3
DA:565,3
DA:566,0
DA:567,0
DA:568,0
DA:569,3
DA:571,3
DA:572,3
DA:573,3
DA:576,3
DA:578,3
DA:579,1
DA:580,1
DA:581,1
DA:584,2
DA:586,3
DA:587,1
DA:588,1
DA:591,1
DA:592,1
DA:593,1
DA:594,1
DA:600,1
DA:601,1
DA:603,3
DA:604,0
DA:605,0
DA:606,0
DA:608,1
DA:609,2
DA:610,2
DA:611,2
DA:612,2
DA:613,2
DA:614,2
DA:615,2
DA:616,2
DA:617,2
DA:618,2
DA:619,1
DA:621,1
DA:622,3
DA:623,0
DA:624,0
DA:625,0
DA:626,3
DA:628,3
DA:629,3
DA:630,3
DA:631,3
DA:632,3
DA:633,3
DA:634,0
DA:635,0
DA:636,3
DA:637,0
DA:638,0
DA:639,0
DA:641,0
DA:642,0
DA:643,3
DA:644,3
DA:647,3
DA:648,3
DA:649,0
DA:650,0
DA:652,3
DA:654,3
DA:655,0
DA:656,0
DA:659,3
DA:661,3
DA:662,3
DA:663,3
DA:664,3
DA:665,3
DA:666,3
DA:667,3
DA:668,3
DA:669,3
DA:671,3
DA:672,2
DA:673,2
DA:674,2
DA:676,1
DA:677,3
DA:678,0
DA:679,0
DA:680,0
DA:681,3
DA:683,3
DA:684,3
DA:685,3
DA:687,3
DA:688,3
DA:689,3
DA:693,3
DA:694,3
DA:695,3
DA:696,3
DA:697,3
DA:699,3
DA:702,2
DA:703,2
DA:704,2
DA:705,2
DA:707,3
DA:710,2
DA:711,2
DA:712,2
DA:713,2
DA:715,3
DA:718,2
DA:719,3
DA:720,2
DA:721,2
DA:722,2
DA:724,2
DA:725,2
DA:726,2
DA:728,2
DA:729,2
DA:730,2
DA:731,2
DA:732,2
DA:733,2
DA:734,2
DA:735,3
DA:737,3
DA:738,3
DA:739,1
DA:740,1
DA:741,1
DA:742,3
DA:744,4
DA:745,4
DA:746,4
DA:747,4
DA:748,4
DA:749,4
DA:750,4
DA:751,4
DA:752,4
DA:753,0
DA:754,0
DA:755,4
DA:756,0
DA:757,0
DA:758,0
DA:759,0
DA:760,4
DA:761,4
DA:762,4
DA:765,4
DA:766,4
DA:767,0
DA:768,0
DA:770,4
DA:771,4
DA:772,4
DA:773,4
DA:774,4
DA:776,4
DA:777,0
DA:778,0
DA:781,4
DA:782,1
DA:783,1
DA:786,3
DA:788,4
DA:789,1
DA:790,1
DA:793,2
DA:795,2
DA:796,2
DA:797,2
DA:799,4
DA:800,1
DA:801,1
DA:802,1
DA:805,1
DA:806,1
DA:807,1
DA:808,1
DA:809,1
DA:810,1
DA:811,1
DA:812,1
DA:813,1
DA:814,1
DA:815,1
DA:817,1
DA:818,4
DA:819,0
DA:820,0
DA:821,0
DA:822,4
LF:633
LH:510
BRDA:11,0,0,4
BRDA:34,1,0,1
BRDA:36,2,0,3
BRDA:44,3,0,0
BRDA:46,4,0,3
BRDA:56,5,0,0
BRDA:56,6,0,0
BRDA:59,7,0,3
BRDA:61,8,0,1
BRDA:63,9,0,2
BRDA:73,10,0,1
BRDA:89,11,0,0
BRDA:92,12,0,1
BRDA:127,13,0,0
BRDA:133,14,0,2
BRDA:154,15,0,0
BRDA:166,16,0,0
BRDA:187,17,0,0
BRDA:199,18,0,0
BRDA:233,19,0,0
BRDA:239,20,0,3
BRDA:260,21,0,1
BRDA:263,22,0,2
BRDA:268,23,0,1
BRDA:275,24,0,0
BRDA:281,25,0,3
BRDA:308,26,0,1
BRDA:311,27,0,2
BRDA:315,28,0,0
BRDA:321,29,0,4
BRDA:351,30,0,2
BRDA:357,31,0,1
BRDA:360,32,0,3
BRDA:365,33,0,0
BRDA:371,34,0,3
BRDA:401,35,0,0
BRDA:416,36,0,1
BRDA:419,37,0,2
BRDA:423,38,0,1
BRDA:425,39,0,2
BRDA:427,40,0,2
BRDA:442,41,0,0
BRDA:448,42,0,3
BRDA:456,43,0,1
BRDA:458,44,0,2
BRDA:471,45,0,1
BRDA:477,46,0,0
BRDA:483,47,0,6
BRDA:504,48,0,1
BRDA:506,49,0,5
BRDA:518,50,0,5
BRDA:518,51,0,3
BRDA:519,52,0,5
BRDA:519,53,0,5
BRDA:522,54,0,4
BRDA:522,55,0,2
BRDA:522,56,0,1
BRDA:524,57,0,4
BRDA:530,58,0,1
BRDA:533,59,0,3
BRDA:540,60,0,0
BRDA:546,61,0,3
BRDA:559,62,0,1
BRDA:562,63,0,2
BRDA:564,64,0,0
BRDA:565,65,0,0
BRDA:571,66,0,3
BRDA:578,67,0,1
BRDA:581,68,0,2
BRDA:586,69,0,1
BRDA:603,70,0,0
BRDA:606,71,0,1
BRDA:622,72,0,0
BRDA:584,73,0,3
BRDA:591,74,0,2
BRDA:608,75,0,2
BRDA:613,76,0,0
BRDA:614,77,0,0
BRDA:615,78,0,0
BRDA:609,79,0,3
BRDA:628,80,0,3
BRDA:648,81,0,0
BRDA:654,82,0,0
BRDA:671,83,0,2
BRDA:674,84,0,1
BRDA:677,85,0,0
BRDA:683,86,0,3
BRDA:699,87,0,1
BRDA:699,88,0,2
BRDA:707,89,0,0
BRDA:707,90,0,2
BRDA:715,91,0,0
BRDA:715,92,0,2
BRDA:735,93,0,0
BRDA:738,94,0,1
BRDA:719,95,0,2
BRDA:720,96,0,0
BRDA:721,97,0,1
BRDA:721,98,0,1
BRDA:724,99,0,0
BRDA:725,100,0,1
BRDA:725,101,0,1
BRDA:720,102,0,2
BRDA:724,103,0,2
BRDA:744,104,0,4
BRDA:766,105,0,0
BRDA:776,106,0,0
BRDA:781,107,0,1
BRDA:783,108,0,3
BRDA:788,109,0,1
BRDA:790,110,0,2
BRDA:799,111,0,1
BRDA:818,112,0,0
BRF:113
BRH:78
end_of_record
TN:
SF:lib/actions/videos.ts
FN:7,incrementVideoViews
FN:19,getAll
FN:22,setAll
FN:80,saveVideo
FN:256,getVideoViewCount
FN:272,getVideoLastViewed
FN:291,getTotalVideoViews
FN:304,getVideoViewsInDateRange
FN:321,getVideosWithViewCounts
FN:362,getBatchVideoViewCounts
FN:392,getBatchVideoLastViewed
FN:436,fetchVideoViewLogs
FNF:12
FNH:9
FNDA:6,incrementVideoViews
FNDA:0,getAll
FNDA:0,setAll
FNDA:9,saveVideo
FNDA:4,getVideoViewCount
FNDA:4,getVideoLastViewed
FNDA:4,getTotalVideoViews
FNDA:4,getVideoViewsInDateRange
FNDA:4,getVideosWithViewCounts
FNDA:5,getBatchVideoViewCounts
FNDA:6,getBatchVideoLastViewed
FNDA:0,fetchVideoViewLogs
DA:1,1
DA:7,6
DA:8,6
DA:9,6
DA:11,6
DA:12,6
DA:13,6
DA:14,6
DA:15,6
DA:16,6
DA:17,6
DA:18,6
DA:19,6
DA:20,0
DA:21,0
DA:22,6
DA:23,0
DA:24,0
DA:25,0
DA:27,0
DA:28,0
DA:29,6
DA:30,6
DA:31,6
DA:33,6
DA:34,6
DA:35,6
DA:36,6
DA:38,6
DA:40,1
DA:42,6
DA:43,6
DA:44,0
DA:45,0
DA:47,6
DA:49,6
DA:50,6
DA:51,6
DA:52,6
DA:53,6
DA:55,6
DA:56,1
DA:57,1
DA:58,1
DA:60,6
DA:61,2
DA:62,2
DA:63,2
DA:64,2
DA:65,2
DA:67,2
DA:68,1
DA:70,1
DA:71,2
DA:73,4
DA:74,6
DA:75,1
DA:76,1
DA:77,1
DA:78,6
DA:80,9
DA:92,9
DA:93,9
DA:94,9
DA:95,9
DA:96,9
DA:97,9
DA:98,9
DA:99,9
DA:100,9
DA:101,9
DA:102,9
DA:103,9
DA:104,9
DA:105,9
DA:107,9
DA:108,2
DA:109,2
DA:111,7
DA:112,7
DA:114,9
DA:116,3
DA:117,3
DA:118,3
DA:119,3
DA:120,3
DA:121,3
DA:122,3
DA:123,3
DA:124,3
DA:125,3
DA:126,3
DA:127,3
DA:128,3
DA:130,3
DA:131,1
DA:132,1
DA:133,1
DA:136,2
DA:138,2
DA:141,2
DA:144,3
DA:145,0
DA:146,0
DA:147,0
DA:148,0
DA:150,0
DA:152,0
DA:153,0
DA:154,0
DA:155,0
DA:157,3
DA:158,0
DA:159,0
DA:160,0
DA:161,0
DA:163,0
DA:165,0
DA:166,0
DA:167,0
DA:168,0
DA:171,3
DA:172,0
DA:173,0
DA:174,0
DA:175,0
DA:177,0
DA:179,0
DA:180,0
DA:181,0
DA:182,0
DA:183,9
DA:185,4
DA:186,4
DA:187,4
DA:188,4
DA:189,4
DA:190,4
DA:191,4
DA:192,4
DA:193,4
DA:194,4
DA:195,4
DA:196,4
DA:197,4
DA:199,4
DA:200,1
DA:201,1
DA:202,1
DA:204,2
DA:207,2
DA:208,2
DA:209,2
DA:210,2
DA:211,2
DA:213,2
DA:215,2
DA:216,1
DA:217,1
DA:218,2
DA:220,4
DA:221,1
DA:222,1
DA:223,1
DA:224,1
DA:226,1
DA:228,1
DA:229,0
DA:230,0
DA:231,1
DA:234,4
DA:235,1
DA:236,1
DA:237,1
DA:238,1
DA:240,1
DA:242,1
DA:243,0
DA:244,0
DA:245,1
DA:246,4
DA:248,9
DA:249,9
DA:250,1
DA:251,1
DA:252,1
DA:253,9
DA:256,4
DA:257,4
DA:259,4
DA:260,4
DA:261,4
DA:262,4
DA:264,4
DA:265,1
DA:266,1
DA:267,1
DA:269,4
DA:270,4
DA:272,4
DA:273,4
DA:275,4
DA:276,4
DA:277,4
DA:278,4
DA:279,4
DA:280,4
DA:281,4
DA:283,4
DA:284,2
DA:285,2
DA:286,2
DA:288,4
DA:289,4
DA:291,4
DA:292,4
DA:294,4
DA:296,4
DA:297,1
DA:298,1
DA:299,1
DA:301,4
DA:302,4
DA:304,4
DA:305,4
DA:307,4
DA:308,4
DA:309,4
DA:310,4
DA:311,4
DA:313,4
DA:314,1
DA:315,1
DA:316,1
DA:318,4
DA:319,4
DA:321,4
DA:328,4
DA:329,4
DA:331,4
DA:334,4
DA:336,4
DA:337,1
DA:338,1
DA:339,1
DA:342,4
DA:343,4
DA:344,4
DA:345,2
DA:346,2
DA:347,2
DA:348,2
DA:349,2
DA:350,2
DA:351,2
DA:352,4
DA:353,4
DA:354,1
DA:355,1
DA:356,4
DA:357,4
DA:359,4
DA:360,4
DA:362,5
DA:363,5
DA:365,4
DA:367,4
DA:369,5
DA:370,1
DA:371,1
DA:372,1
DA:375,3
DA:376,5
DA:377,7
DA:378,7
DA:379,7
DA:380,5
DA:383,5
DA:384,7
DA:385,3
DA:386,3
DA:387,5
DA:389,5
DA:390,5
DA:392,6
DA:393,6
DA:395,5
DA:397,5
DA:398,5
DA:399,5
DA:400,5
DA:401,5
DA:403,6
DA:404,1
DA:405,1
DA:406,1
DA:409,4
DA:412,6
DA:413,8
DA:414,8
DA:417,6
DA:418,8
DA:419,5
DA:420,5
DA:421,8
DA:423,4
DA:424,4
DA:436,0
DA:437,0
DA:440,0
DA:441,0
DA:442,0
DA:456,0
DA:457,0
DA:459,0
DA:460,0
DA:461,0
DA:462,0
DA:465,0
DA:466,0
DA:467,0
DA:468,0
DA:469,0
DA:470,0
DA:471,0
DA:472,0
DA:473,0
DA:475,0
DA:476,0
LF:329
LH:267
BRDA:7,0,0,6
BRDA:38,1,0,1
BRDA:42,2,0,4
BRDA:42,3,0,2
BRDA:43,4,0,0
BRDA:53,5,0,5
BRDA:55,6,0,1
BRDA:58,7,0,4
BRDA:60,8,0,2
BRDA:67,9,0,1
BRDA:71,10,0,4
BRDA:74,11,0,1
BRDA:80,12,0,9
BRDA:107,13,0,8
BRDA:107,14,0,2
BRDA:109,15,0,7
BRDA:114,16,0,3
BRDA:130,17,0,1
BRDA:133,18,0,2
BRDA:144,19,0,0
BRDA:155,20,0,2
BRDA:157,21,0,0
BRDA:168,22,0,2
BRDA:171,23,0,0
BRDA:183,24,0,4
BRDA:197,25,0,3
BRDA:199,26,0,1
BRDA:202,27,0,2
BRDA:215,28,0,1
BRDA:220,29,0,1
BRDA:228,30,0,0
BRDA:231,31,0,2
BRDA:234,32,0,1
BRDA:242,33,0,0
BRDA:248,34,0,2
BRDA:248,35,0,2
BRDA:249,36,0,1
BRDA:208,37,0,2
BRDA:221,38,0,1
BRDA:235,39,0,1
BRDA:256,40,0,4
BRDA:264,41,0,1
BRDA:267,42,0,3
BRDA:269,43,0,2
BRDA:272,44,0,4
BRDA:283,45,0,2
BRDA:288,46,0,1
BRDA:291,47,0,4
BRDA:296,48,0,1
BRDA:299,49,0,3
BRDA:301,50,0,2
BRDA:304,51,0,4
BRDA:313,52,0,1
BRDA:316,53,0,3
BRDA:318,54,0,2
BRDA:321,55,0,4
BRDA:336,56,0,1
BRDA:339,57,0,3
BRDA:342,58,0,2
BRDA:359,59,0,1
BRDA:342,60,0,4
BRDA:344,61,0,2
BRDA:353,62,0,1
BRDA:362,63,0,5
BRDA:363,64,0,1
BRDA:363,65,0,4
BRDA:369,66,0,1
BRDA:372,67,0,3
BRDA:376,68,0,2
BRDA:380,69,0,1
BRDA:376,70,0,7
BRDA:378,71,0,4
BRDA:383,72,0,7
BRDA:384,73,0,3
BRDA:392,74,0,6
BRDA:393,75,0,1
BRDA:393,76,0,5
BRDA:403,77,0,1
BRDA:406,78,0,4
BRDA:412,79,0,8
BRDA:414,80,0,4
BRDA:417,81,0,8
BRDA:418,82,0,5
BRDA:421,83,0,4
BRF:84
BRH:78
end_of_record
TN:
SF:lib/auth/cookie-service.ts
FN:4,<static_initializer>
FN:24,clearAuthCookies
FN:50,hasAuthCookies
FN:58,createSignOutResponse
FN:75,createAuthErrorResponse
FNF:5
FNH:5
FNDA:2,<static_initializer>
FNDA:12,clearAuthCookies
FNDA:5,hasAuthCookies
FNDA:4,createSignOutResponse
FNDA:4,createAuthErrorResponse
DA:1,1
DA:4,1
DA:6,2
DA:7,2
DA:8,2
DA:9,2
DA:10,2
DA:13,2
DA:14,2
DA:15,2
DA:16,2
DA:17,2
DA:18,2
DA:19,2
DA:24,2
DA:25,12
DA:27,12
DA:28,36
DA:29,36
DA:30,36
DA:31,36
DA:32,12
DA:35,12
DA:36,12
DA:37,24
DA:38,72
DA:39,72
DA:40,72
DA:41,72
DA:42,72
DA:43,24
DA:44,12
DA:45,12
DA:50,2
DA:51,5
DA:52,5
DA:53,5
DA:58,2
DA:59,4
DA:60,4
DA:62,4
DA:65,4
DA:66,4
DA:67,4
DA:69,4
DA:70,4
DA:75,2
DA:76,4
DA:77,4
DA:79,4
DA:81,4
DA:82,4
DA:83,4
DA:85,4
DA:86,4
DA:87,2
LF:56
LH:56
BRDA:4,0,0,2
BRDA:24,1,0,12
BRDA:27,2,0,36
BRDA:36,3,0,24
BRDA:37,4,0,72
BRDA:50,5,0,5
BRDA:52,6,0,10
BRDA:58,7,0,4
BRDA:75,8,0,4
BRF:9
BRH:9
end_of_record
TN:
SF:lib/supabase/client.ts
FN:3,createClient
FN:10,get auth
FN:14,get from
FN:18,get storage
FN:22,get rpc
FNF:5
FNH:0
FNDA:0,createClient
FNDA:0,get auth
FNDA:0,get from
FNDA:0,get storage
FNDA:0,get rpc
DA:1,1
DA:3,1
DA:4,0
DA:5,0
DA:7,1
DA:9,1
DA:10,1
DA:11,0
DA:12,0
DA:13,0
DA:14,1
DA:15,0
DA:16,0
DA:17,0
DA:18,1
DA:19,0
DA:20,0
DA:21,0
DA:22,1
DA:23,0
DA:24,0
DA:25,0
DA:26,1
LF:23
LH:9
BRF:0
BRH:0
end_of_record
TN:
SF:lib/supabase/middleware.ts
FN:9,getCachedUserApproval
FN:21,setCachedUserApproval
FN:35,updateSession
FN:51,getAll
FN:54,setAll
FNF:5
FNH:3
FNDA:3,getCachedUserApproval
FNDA:6,setCachedUserApproval
FNDA:24,updateSession
FNDA:0,getAll
FNDA:0,setAll
DA:1,1
DA:6,1
DA:7,1
DA:9,3
DA:10,3
DA:11,3
DA:12,1
DA:13,1
DA:15,3
DA:16,0
DA:17,0
DA:18,2
DA:19,2
DA:21,6
DA:22,6
DA:25,6
DA:26,0
DA:27,0
DA:28,0
DA:29,0
DA:30,0
DA:31,0
DA:32,0
DA:33,6
DA:35,24
DA:36,24
DA:38,24
DA:39,2
DA:40,2
DA:42,22
DA:43,22
DA:44,22
DA:45,22
DA:47,22
DA:48,22
DA:49,22
DA:50,22
DA:51,22
DA:52,0
DA:53,0
DA:54,22
DA:55,0
DA:56,0
DA:57,0
DA:58,0
DA:59,0
DA:60,0
DA:61,22
DA:62,22
DA:63,24
DA:64,1
DA:65,1
DA:66,1
DA:67,1
DA:69,21
DA:70,21
DA:71,21
DA:72,21
DA:73,21
DA:75,17
DA:76,24
DA:77,4
DA:79,4
DA:80,4
DA:81,3
DA:82,3
DA:84,4
DA:85,1
DA:86,1
DA:88,4
DA:89,4
DA:90,4
DA:91,2
DA:92,2
DA:93,4
DA:94,2
DA:95,2
DA:96,2
DA:98,1
DA:99,1
DA:100,1
DA:102,17
DA:103,17
DA:104,16
DA:105,16
DA:107,24
DA:108,24
DA:109,16
DA:110,15
DA:111,15
DA:112,15
DA:113,15
DA:114,15
DA:116,24
DA:117,3
DA:118,3
DA:120,24
DA:123,5
DA:126,5
DA:127,5
DA:128,5
DA:130,0
DA:131,0
DA:135,5
DA:136,1
DA:137,1
DA:139,5
DA:141,5
DA:142,5
DA:143,2
DA:144,2
DA:146,5
DA:147,5
DA:149,9
DA:150,9
DA:151,9
DA:152,5
DA:153,24
DA:154,5
DA:155,5
DA:156,5
DA:157,5
DA:158,5
DA:159,5
DA:161,5
DA:162,1
DA:163,1
DA:164,1
DA:165,1
DA:167,4
DA:168,4
DA:170,4
DA:171,1
DA:172,1
DA:173,1
DA:175,3
DA:176,4
DA:178,2
DA:179,2
DA:180,1
DA:181,1
DA:182,1
DA:183,2
DA:184,4
DA:185,5
DA:186,0
DA:187,0
DA:188,0
DA:189,0
DA:190,5
DA:192,24
DA:193,4
DA:195,4
DA:197,1
DA:198,1
DA:200,3
DA:202,4
DA:203,0
DA:204,0
DA:206,3
DA:207,3
DA:208,3
DA:209,3
DA:210,3
DA:211,3
DA:213,4
DA:214,1
DA:215,4
DA:216,1
DA:217,1
DA:218,1
DA:219,4
DA:220,0
DA:221,0
DA:224,4
DA:225,4
DA:226,4
DA:227,4
DA:229,2
DA:230,24
DA:231,0
DA:232,0
DA:233,0
DA:234,24
LF:184
LH:154
BRDA:9,0,0,3
BRDA:11,1,0,1
BRDA:11,2,0,1
BRDA:13,3,0,2
BRDA:15,4,0,0
BRDA:17,5,0,2
BRDA:21,6,0,6
BRDA:25,7,0,0
BRDA:35,8,0,24
BRDA:36,9,0,23
BRDA:38,10,0,2
BRDA:40,11,0,22
BRDA:63,12,0,1
BRDA:67,13,0,21
BRDA:73,14,0,17
BRDA:76,15,0,4
BRDA:80,16,0,3
BRDA:81,17,0,3
BRDA:84,18,0,1
BRDA:86,19,0,3
BRDA:88,20,0,0
BRDA:90,21,0,2
BRDA:91,22,0,2
BRDA:93,23,0,2
BRDA:96,24,0,1
BRDA:100,25,0,17
BRDA:103,26,0,16
BRDA:104,27,0,16
BRDA:108,28,0,16
BRDA:109,29,0,15
BRDA:110,30,0,15
BRDA:111,31,0,15
BRDA:112,32,0,15
BRDA:113,33,0,15
BRDA:116,34,0,16
BRDA:116,35,0,3
BRDA:118,36,0,14
BRDA:120,37,0,5
BRDA:128,38,0,0
BRDA:135,39,0,1
BRDA:142,40,0,2
BRDA:147,41,0,9
BRDA:150,42,0,9
BRDA:151,43,0,5
BRDA:153,44,0,5
BRDA:161,45,0,1
BRDA:165,46,0,4
BRDA:170,47,0,1
BRDA:173,48,0,3
BRDA:176,49,0,1
BRDA:176,50,0,2
BRDA:176,51,0,2
BRDA:179,52,0,1
BRDA:185,53,0,0
BRDA:190,54,0,6
BRDA:192,55,0,4
BRDA:195,56,0,1
BRDA:198,57,0,3
BRDA:202,58,0,1
BRDA:202,59,0,0
BRDA:204,60,0,3
BRDA:213,61,0,1
BRDA:215,62,0,2
BRDA:215,63,0,1
BRDA:219,64,0,0
BRDA:221,65,0,2
BRDA:227,66,0,2
BRDA:230,67,0,0
BRF:68
BRH:60
end_of_record
TN:
SF:lib/supabase/server.ts
FN:12,createServerClient
FN:19,getUser
FN:20,getSession
FN:22,from
FN:33,getAll
FN:36,setAll
FNF:6
FNH:1
FNDA:4,createServerClient
FNDA:0,getUser
FNDA:0,getSession
FNDA:0,from
FNDA:0,getAll
FNDA:0,setAll
DA:1,1
DA:6,1
DA:7,1
DA:8,1
DA:9,1
DA:10,1
DA:12,1
DA:13,4
DA:15,4
DA:16,0
DA:17,0
DA:18,0
DA:19,0
DA:20,0
DA:21,0
DA:22,0
DA:23,0
DA:24,0
DA:25,0
DA:26,0
DA:27,0
DA:28,0
DA:29,0
DA:31,4
DA:32,4
DA:33,4
DA:34,0
DA:35,0
DA:36,4
DA:37,0
DA:38,0
DA:39,0
DA:43,0
DA:44,0
DA:45,4
DA:46,4
DA:47,4
DA:50,1
DA:51,1
DA:52,1
LF:40
LH:19
BRDA:12,0,0,4
BRDA:15,1,0,0
BRDA:50,2,0,1
BRF:3
BRH:2
end_of_record
TN:
SF:lib/utils/auth.ts
FN:6,validateReturnTo
FN:71,getAuthErrorMessage
FNF:2
FNH:2
FNDA:37,validateReturnTo
FNDA:9,getAuthErrorMessage
DA:6,1
DA:7,37
DA:8,3
DA:9,3
DA:12,34
DA:13,34
DA:14,34
DA:15,37
DA:17,2
DA:18,2
DA:21,37
DA:22,5
DA:23,5
DA:26,37
DA:27,1
DA:28,1
DA:32,37
DA:33,7
DA:34,7
DA:37,19
DA:38,19
DA:39,19
DA:40,19
DA:41,19
DA:42,19
DA:43,19
DA:44,19
DA:45,19
DA:46,19
DA:47,19
DA:50,37
DA:51,8
DA:52,8
DA:55,11
DA:56,37
DA:57,31
DA:58,4
DA:59,4
DA:60,31
DA:63,7
DA:64,7
DA:71,1
DA:72,9
DA:73,3
DA:74,3
DA:76,6
DA:77,6
DA:78,6
DA:79,6
DA:80,6
DA:81,6
DA:82,6
DA:84,9
DA:85,9
DA:86,9
LF:55
LH:55
BRDA:6,0,0,37
BRDA:7,1,0,35
BRDA:7,2,0,3
BRDA:9,3,0,34
BRDA:15,4,0,2
BRDA:18,5,0,32
BRDA:21,6,0,5
BRDA:23,7,0,27
BRDA:26,8,0,1
BRDA:28,9,0,26
BRDA:32,10,0,7
BRDA:34,11,0,19
BRDA:50,12,0,8
BRDA:52,13,0,11
BRDA:56,14,0,31
BRDA:57,15,0,4
BRDA:60,16,0,7
BRDA:71,17,0,9
BRDA:72,18,0,3
BRDA:74,19,0,6
BRDA:84,20,0,1
BRF:21
BRH:21
end_of_record
TN:
SF:lib/utils/date.ts
FN:1,formatDate
FN:32,formatShortDate
FN:56,formatTimeAgo
FN:83,formatMonth
FNF:4
FNH:4
FNDA:1574,formatDate
FNDA:68,formatShortDate
FNDA:10,formatTimeAgo
FNDA:3,formatMonth
DA:1,1
DA:2,1574
DA:3,4
DA:4,4
DA:6,1570
DA:7,1574
DA:9,1574
DA:11,1574
DA:13,1574
DA:14,2
DA:15,2
DA:17,1568
DA:18,1568
DA:19,1568
DA:20,1568
DA:21,1568
DA:22,1568
DA:23,1568
DA:24,1568
DA:26,1568
DA:27,1574
DA:28,0
DA:29,0
DA:30,1574
DA:32,1
DA:33,68
DA:34,3
DA:35,3
DA:37,65
DA:38,68
DA:40,68
DA:42,68
DA:43,1
DA:44,1
DA:46,64
DA:47,64
DA:48,64
DA:49,64
DA:50,64
DA:51,68
DA:52,0
DA:53,0
DA:54,68
DA:56,1
DA:57,10
DA:58,3
DA:59,3
DA:61,7
DA:62,7
DA:63,10
DA:65,10
DA:67,10
DA:68,1
DA:69,1
DA:71,6
DA:73,10
DA:74,10
DA:75,10
DA:76,10
DA:77,1
DA:78,10
DA:79,0
DA:80,0
DA:81,10
DA:83,1
DA:84,3
DA:85,3
DA:86,3
DA:87,3
LF:69
LH:63
BRDA:1,0,0,1574
BRDA:2,1,0,1571
BRDA:2,2,0,4
BRDA:4,3,0,1570
BRDA:7,4,0,4
BRDA:9,5,0,1568
BRDA:9,6,0,2
BRDA:13,7,0,2
BRDA:15,8,0,1568
BRDA:27,9,0,0
BRDA:32,10,0,68
BRDA:33,11,0,65
BRDA:33,12,0,3
BRDA:35,13,0,65
BRDA:38,14,0,3
BRDA:40,15,0,63
BRDA:40,16,0,2
BRDA:42,17,0,1
BRDA:44,18,0,64
BRDA:51,19,0,0
BRDA:56,20,0,10
BRDA:57,21,0,7
BRDA:57,22,0,3
BRDA:59,23,0,7
BRDA:63,24,0,2
BRDA:65,25,0,5
BRDA:65,26,0,2
BRDA:67,27,0,1
BRDA:69,28,0,6
BRDA:73,29,0,1
BRDA:73,30,0,5
BRDA:74,31,0,2
BRDA:74,32,0,3
BRDA:75,33,0,1
BRDA:75,34,0,2
BRDA:76,35,0,1
BRDA:78,36,0,0
BRDA:83,37,0,3
BRF:38
BRH:35
end_of_record
TN:
SF:lib/utils/helpers.tsx
FN:3,generateUUID
FN:17,sanitizeHtml
FNF:2
FNH:2
FNDA:4,generateUUID
FNDA:12,sanitizeHtml
DA:1,1
DA:3,1
DA:5,4
DA:6,1
DA:7,1
DA:10,3
DA:11,93
DA:12,93
DA:13,93
DA:14,3
DA:15,3
DA:17,1
DA:18,12
DA:19,12
DA:20,12
DA:21,12
DA:22,12
DA:23,12
DA:24,12
LF:19
LH:19
BRDA:3,0,0,4
BRDA:5,1,0,1
BRDA:5,2,0,1
BRDA:7,3,0,3
BRDA:10,4,0,93
BRDA:12,5,0,90
BRDA:12,6,0,3
BRDA:17,7,0,12
BRF:8
BRH:8
end_of_record
